97 -25 97 
SIM
97 99 97 -25 -31 
NAO
65 100 97 
NAO
97 102 -29 
NAO
97 105 97 
SIM
97 108 97 
SIM
97 109 97 
SIM
65 110 97 
NAO
97 110 105 108 105 110 97 
SIM
97 114 97 
SIM
97 114 97 114 97 
SIM
97 115 97 
SIM
97 116 97 
SIM
97 118 105 118 97 
SIM
101 108 101 
SIM
101 115 115 101 
SIM
109 97 109 97 109 
SIM
109 97 109 97 109 
SIM
109 97 116 97 109 
SIM
109 101 116 101 109 
SIM
111 99 111 
SIM
111 109 105 115 115 -19 115 115 105 109 111 
SIM
79 109 111 
NAO
111 115 115 111 
SIM
79 116 111 
NAO
79 116 116 111 
NAO
111 118 111 
SIM
114 97 99 105 102 105 99 97 114 
SIM
114 97 100 97 114 
SIM
114 97 100 97 114 
SIM
114 101 103 101 114 
SIM
114 97 105 97 114 
SIM
114 97 108 97 114 
SIM
114 97 109 97 114 
SIM
114 97 112 97 114 
SIM
114 97 115 97 114 
SIM
114 101 108 101 114 
SIM
114 101 116 101 114 
SIM
114 101 116 101 114 
SIM
114 101 118 101 114 
SIM
114 101 118 105 118 101 114 
SIM
114 105 114 
SIM
114 111 100 97 100 111 114 
SIM
114 111 116 111 114 
SIM
115 97 99 97 115 
SIM
115 97 105 97 115 
SIM
115 97 108 97 115 
SIM
115 97 110 97 115 
SIM
115 97 112 97 115 
SIM
115 97 114 97 115 
SIM
115 97 114 97 114 -31 115 
NAO
115 101 114 101 115 
SIM
115 111 99 111 115 
SIM
115 111 109 -31 118 97 109 111 115 
NAO
115 111 109 -31 109 111 115 
SIM
115 111 112 97 112 111 115 
SIM
65 100 97 
NAO
65 110 97 
NAO
65 110 110 97 
NAO
66 111 98 
NAO
69 98 98 101 
NAO
69 98 98 101 
NAO
69 108 108 101 
NAO
69 118 101 
NAO
72 97 110 110 97 104 
NAO
77 101 110 101 109 
NAO
78 97 116 97 110 
NAO
78 97 117 97 110 
NAO
78 101 118 101 110 
NAO
79 116 111 
NAO
79 116 116 111 
NAO
82 97 105 97 114 
NAO
82 101 110 110 101 114 
NAO
77 117 115 115 117 109 
NAO
66 97 117 97 98 
NAO
82 101 118 101 114 
NAO
76 97 101 108 32 76 101 97 108 
NAO
78 101 117 113 117 -23 110 
NAO
78 101 117 113 117 -23 110 
NAO
77 117 116 117 109 
NAO
65 99 97 105 97 99 97 
NAO
77 117 -25 117 109 
NAO
77 105 114 105 109 
NAO
73 116 97 116 105 
NAO
65 105 108 101 110 32 45 32 78 -23 108 105 97 
NAO
97 98 97 115 32 45 32 115 97 98 -31 
NAO
97 99 97 114 -31 32 45 32 97 114 97 -25 -31 
NAO
97 99 -23 109 32 45 32 77 101 99 97 
NAO
97 -25 111 32 45 32 111 99 97 
NAO
65 100 110 97 110 32 45 32 78 97 110 100 97 
NAO
-31 103 105 108 32 45 32 108 105 103 97 
NAO
97 108 97 115 32 45 32 115 97 108 97 
SIM
97 108 -23 109 32 45 32 109 101 108 97 
NAO
65 108 97 110 105 32 45 32 105 110 97 108 97 
NAO
97 108 -12 32 45 32 111 108 -31 
NAO
97 109 97 109 32 45 32 109 97 109 97 
SIM
97 109 111 114 32 45 32 82 111 109 97 
NAO
97 109 111 114 32 45 32 114 111 109 -29 
NAO
97 109 111 114 97 32 45 32 97 114 111 109 97 
SIM
97 109 101 32 45 32 101 109 97 
SIM
97 110 97 108 32 45 32 76 97 110 97 
NAO
97 110 101 108 32 45 32 76 101 110 97 
NAO
97 110 101 108 101 109 32 45 32 109 101 108 101 110 97 
SIM
97 110 105 108 32 45 32 76 105 110 97 
NAO
97 110 105 109 97 108 32 45 32 108 -30 109 105 110 97 
NAO
97 110 105 115 32 45 32 115 105 110 97 
SIM
97 112 -13 115 32 45 32 115 111 112 97 
NAO
97 114 32 45 32 114 -29 
NAO
97 114 32 45 32 114 -29 
NAO
97 114 97 109 32 45 32 77 97 114 97 
NAO
97 114 97 114 32 45 32 114 97 114 97 
SIM
97 114 99 111 32 45 32 111 99 114 97 
SIM
97 114 101 32 45 32 101 114 97 
SIM
97 114 111 32 45 32 111 114 97 
SIM
97 114 114 111 122 32 45 32 122 111 114 114 97 
SIM
97 115 115 97 109 32 45 32 109 97 115 115 97 
SIM
97 115 115 105 109 32 45 32 109 105 115 115 97 
SIM
97 116 97 114 32 45 32 114 97 116 97 
SIM
97 116 101 109 32 45 32 109 101 116 97 
SIM
97 116 101 114 114 97 109 32 45 32 109 97 114 114 101 116 97 
SIM
97 116 111 114 32 45 32 114 111 116 97 
SIM
97 117 103 101 32 45 32 -23 103 117 97 
NAO
97 118 97 108 32 45 32 108 97 118 97 
SIM
97 118 97 114 111 32 45 32 111 114 97 118 97 
SIM
97 118 101 32 45 32 69 118 97 
NAO
97 118 111 32 45 32 111 118 97 
SIM
97 118 -13 32 45 32 111 118 97 
NAO
97 118 -12 32 45 32 111 118 97 
NAO
65 118 111 110 32 45 32 110 111 118 97 
NAO
101 108 111 32 45 32 111 108 -23 
NAO
-19 114 105 115 32 45 32 115 105 114 105 
NAO
108 97 105 99 111 115 45 32 115 111 99 105 97 108 
NAO
108 97 116 101 109 32 45 32 109 101 116 97 108 
SIM
108 97 118 111 32 45 32 111 118 97 108 
SIM
76 101 111 110 97 109 32 45 32 77 97 110 111 101 108 
NAO
77 97 114 114 111 99 111 115 32 45 32 115 111 99 111 114 114 97 109 
NAO
109 101 108 97 114 32 45 32 114 97 108 101 109 
SIM
109 101 108 97 114 32 45 32 114 97 108 101 109 
SIM
109 101 116 101 114 32 45 32 114 101 116 101 109 
SIM
111 99 97 115 32 45 32 115 97 99 111 
SIM
111 108 111 114 32 45 32 114 111 108 111 
SIM
111 114 97 114 32 45 32 114 97 114 111 
SIM
114 97 109 111 32 45 32 111 109 97 114 
SIM
114 97 109 111 115 32 45 32 115 111 109 97 114 
SIM
114 101 100 105 108 32 45 32 108 -19 100 101 114 
NAO
115 101 114 118 105 108 32 45 32 108 105 118 114 101 115 
SIM
97 99 101 110 111 32 98 111 110 101 99 97 
NAO
97 99 110 101 32 112 101 110 99 97 
NAO
65 110 105 116 97 32 108 97 116 105 110 97 
NAO
97 112 101 114 116 111 32 116 114 101 112 97 
NAO
108 97 99 97 32 98 97 99 97 108 
NAO
108 97 100 114 97 32 112 97 114 100 97 108 
NAO
108 97 109 97 32 114 97 109 97 108 
NAO
108 97 109 105 110 97 32 97 110 105 109 97 108 
SIM
108 97 116 97 32 78 97 116 97 108 
NAO
115 97 99 97 32 109 97 99 97 115 
NAO
114 101 100 101 32 99 101 100 101 114 
NAO
114 101 122 97 114 32 112 114 97 122 101 114 
NAO
65 32 99 97 99 97 
NAO
65 32 99 97 -25 97 
NAO
65 32 99 97 109 97 45 109 97 99 97 
NAO
65 32 100 97 109 97 
NAO
65 32 100 114 111 103 97 32 103 111 114 100 97 
NAO
65 32 98 97 98 97 
NAO
65 32 98 97 98 -31 
NAO
65 32 76 -22 100 97 32 100 101 108 97 
NAO
65 32 76 105 108 97 
NAO
65 32 109 97 109 97 
NAO
65 32 109 97 109 97 
NAO
65 32 109 105 108 46 46 46 32 66 97 105 116 97 46 46 46 75 97 116 105 97 32 66 46 32 76 105 109 97 
NAO
65 32 82 117 97 32 76 97 117 114 97 
NAO
65 100 97 32 98 -22 98 97 100 97 
NAO
65 100 97 32 108 101 118 97 100 97 32 118 101 108 97 100 97 
NAO
65 100 97 32 110 97 100 97 
NAO
65 -19 44 32 66 105 97 33 
NAO
65 108 105 44 32 108 97 100 111 32 68 97 108 105 108 97 
NAO
65 110 105 116 97 44 32 97 32 116 105 110 97 33 32 40 65 110 116 111 110 105 111 32 100 101 32 67 97 115 116 114 111 41 
NAO
65 114 97 114 97 32 114 97 114 97 
NAO
-55 32 98 101 98 -22 33 
NAO
76 105 109 97 32 97 32 109 105 108 
NAO
76 117 122 32 97 122 117 108 
NAO
76 117 122 32 97 32 97 114 97 114 97 32 97 122 117 108 
NAO
79 32 98 111 98 111 
NAO
79 32 98 111 108 111 32 100 111 32 108 111 98 111 
NAO
79 32 100 97 100 111 
NAO
79 32 100 101 100 111 
NAO
79 104 33 32 76 105 109 111 110 97 100 97 32 110 111 32 109 105 108 104 111 63 32 40 77 97 114 99 101 108 111 32 67 111 105 109 98 114 97 32 70 117 114 116 97 100 111 41 
NAO
79 32 76 105 108 111 
NAO
79 32 76 117 32 110 117 108 111 
NAO
79 32 115 101 108 111 32 108 101 115 111 
NAO
65 32 83 105 108 97 32 108 105 115 97 
NAO
79 32 83 105 108 111 32 108 105 115 111 
NAO
79 32 116 114 111 116 101 32 116 111 114 116 111 
NAO
79 32 118 111 118 -12 
NAO
79 105 44 32 114 97 114 111 32 104 111 114 -31 114 105 111 33 
NAO
79 105 32 114 97 116 111 32 111 116 -31 114 105 111 33 
NAO
79 105 44 32 103 111 108 32 -23 32 114 101 108 -13 103 105 111 63 32 40 83 97 110 32 84 105 97 103 111 32 67 97 114 97 -19 118 97 41 
NAO
79 118 111 115 32 110 101 108 101 44 32 72 101 108 101 110 32 83 111 118 111 33 
NAO
82 97 108 111 32 100 111 32 100 -13 108 97 114 
NAO
90 -23 32 100 101 32 76 105 109 97 44 32 82 117 97 32 76 97 117 114 97 44 32 77 105 108 32 101 32 68 101 122 
NAO
65 -25 111 32 80 105 112 111 99 97 
NAO
65 110 105 116 97 32 108 97 116 105 110 97 
NAO
83 117 98 105 32 110 111 32 -12 110 105 98 117 115 
NAO
65 32 98 97 115 101 32 100 101 115 97 116 111 108 97 32 99 97 108 111 116 97 115 32 101 32 100 101 115 97 98 97 
NAO
65 32 98 97 115 101 32 100 111 32 116 101 116 111 32 100 101 115 97 98 97 32 40 82 -12 109 117 108 111 32 77 97 114 105 110 104 111 41 
NAO
65 32 67 97 112 105 116 97 108 46 32 76 97 116 105 32 112 97 99 97 32 40 69 100 117 97 114 100 111 32 66 97 110 107 115 41 
NAO
65 32 99 97 114 97 32 114 97 106 97 100 97 32 100 97 32 106 97 114 97 114 97 99 97 32 40 83 104 101 108 100 111 110 32 67 111 111 112 101 114 41 
NAO
65 32 100 97 109 97 32 97 100 109 105 114 111 117 32 111 32 114 105 109 32 100 97 32 97 109 97 100 97 
NAO
65 32 68 97 110 105 101 108 97 32 97 109 97 32 97 32 108 101 105 63 32 78 97 100 97 33 32 40 77 97 114 99 101 108 111 32 67 111 105 109 98 114 97 32 70 117 114 116 97 100 111 41 
NAO
65 100 105 97 115 32 97 32 100 97 116 97 32 100 97 32 115 97 -19 100 97 46 32 40 77 97 114 99 101 108 111 32 67 111 105 109 98 114 97 32 70 117 114 116 97 100 111 41 
NAO
65 32 100 105 118 97 32 -31 118 105 100 97 44 32 100 -31 100 105 118 97 32 -32 32 118 105 100 97 32 40 82 111 103 -23 114 105 111 32 68 117 97 114 116 101 32 70 105 108 104 111 41 
NAO
65 32 100 105 118 97 32 101 109 32 65 114 103 101 108 32 97 108 101 103 114 97 45 109 101 32 97 32 118 105 100 97 32 40 82 -12 109 117 108 111 32 77 97 114 105 110 104 111 41 
NAO
65 32 100 114 111 103 97 32 100 111 32 100 111 116 101 32 -23 32 116 111 100 111 32 100 97 32 103 111 114 100 97 32 40 82 -12 109 117 108 111 32 77 97 114 105 110 104 111 41 
NAO
65 32 103 114 97 109 97 32 -23 32 97 109 97 114 103 97 32 40 77 105 108 108 111 114 32 70 101 114 110 97 110 100 101 115 41 
NAO
65 105 44 32 82 97 118 101 108 46 32 65 114 97 100 111 115 44 32 115 101 114 114 111 116 101 115 32 101 32 116 111 114 114 101 115 32 115 -13 32 68 97 114 97 32 108 101 118 97 114 105 97 46 32 69 108 97 32 102 111 105 45 115 101 32 40 77 97 114 99 101 108 111 32 67 111 105 109 98 114 97 32 70 117 114 116 97 100 111 41 
NAO
65 32 108 101 100 97 44 32 115 97 99 97 110 97 44 32 105 97 32 110 97 32 99 97 115 97 32 100 101 108 97 46 32 40 77 97 114 99 101 108 111 32 67 111 105 109 98 114 97 32 70 117 114 116 97 100 111 41 
NAO
65 32 108 117 112 97 32 112 117 108 97 32 40 67 97 116 97 114 105 110 97 32 76 105 110 115 41 
NAO
65 32 109 -31 32 40 98 111 97 63 41 32 110 111 118 97 32 108 -22 32 66 111 110 111 58 32 78 111 98 101 108 32 65 118 111 110 32 97 32 79 98 97 109 97 32 40 76 101 111 32 67 117 110 104 97 41 
NAO
65 32 109 97 99 97 32 100 111 115 32 115 111 110 111 115 32 115 -13 32 100 -31 32 99 97 109 97 32 40 77 97 116 101 117 115 32 83 46 32 84 104 105 109 -13 116 101 111 41 
NAO
65 32 109 97 108 97 32 110 97 100 97 32 110 97 32 108 97 109 97 32 40 77 105 108 108 111 114 32 70 101 114 110 97 110 100 101 115 41 
NAO
65 32 109 105 114 97 32 100 97 32 114 105 109 97 32 40 77 97 116 101 117 115 32 83 46 32 84 104 105 109 -13 116 101 111 41 
NAO
65 32 109 105 115 115 32 -23 32 112 -23 115 115 105 109 97 33 
NAO
-64 32 82 105 116 97 44 32 115 -31 116 105 114 97 33 32 40 77 97 116 101 117 115 32 83 46 32 84 104 105 109 -13 116 101 111 41 
NAO
65 44 32 115 101 117 32 71 117 44 32 116 114 111 112 97 32 100 97 32 112 111 114 116 117 103 117 101 115 97 63 32 40 77 97 116 101 117 115 32 83 46 32 84 104 105 109 -13 116 101 111 41 
NAO
65 109 97 114 103 97 45 109 101 32 97 32 100 114 111 103 97 44 32 97 32 103 111 114 100 97 32 -23 32 109 97 103 114 97 32 109 -31 32 40 82 111 103 -23 114 105 111 32 68 117 97 114 116 101 32 70 105 108 104 111 41 
NAO
65 109 111 32 79 109 -29 46 32 83 101 32 82 111 109 97 32 109 101 32 116 101 109 32 97 109 111 114 101 115 44 32 97 109 111 32 79 109 -29 33 32 40 77 97 116 101 117 115 32 83 46 32 84 104 105 109 -13 116 101 111 41 
NAO
65 114 114 111 122 32 -23 32 122 111 114 114 97 32 40 70 101 114 110 97 110 100 111 32 70 111 110 115 101 99 97 41 
NAO
65 99 97 116 97 32 111 32 100 97 110 97 100 111 46 46 46 32 101 32 111 32 100 97 110 97 100 111 32 97 116 97 99 97 33 
NAO
65 99 105 110 116 101 32 97 110 105 109 97 108 58 32 97 111 115 32 115 111 112 97 112 111 115 44 32 115 111 97 32 108 -30 109 105 110 97 32 -23 116 110 105 99 97 46 32 40 66 101 116 111 32 70 117 114 113 117 105 109 41 
NAO
65 99 117 100 97 32 99 97 100 101 108 97 32 100 97 32 76 101 100 97 32 99 97 100 117 99 97 32 40 82 -12 109 117 108 111 32 77 97 114 105 110 104 111 41 
NAO
65 116 -23 32 82 101 97 103 97 110 32 115 105 98 97 114 105 116 97 32 116 105 114 97 32 98 105 115 110 97 103 97 32 101 114 101 116 97 32 40 67 104 105 99 111 32 66 117 97 114 113 117 101 32 100 101 32 72 111 108 108 97 110 100 97 41 
NAO
65 116 -23 32 82 101 97 103 97 110 32 115 105 98 97 114 105 116 97 32 116 105 114 97 32 98 105 115 110 97 103 97 32 101 114 101 116 97 32 40 67 104 105 99 111 32 66 117 97 114 113 117 101 32 100 101 32 72 111 108 108 97 110 100 97 41 
NAO
65 32 68 97 110 105 101 108 97 32 97 109 97 32 97 32 108 101 105 63 32 78 97 100 97 33 32 40 77 97 114 99 101 108 111 32 67 111 105 109 98 114 97 32 70 117 114 116 97 100 111 41 
NAO
65 100 105 97 115 32 97 32 100 97 116 97 32 100 97 32 115 97 -19 100 97 32 40 77 97 114 99 101 108 111 32 67 111 105 109 98 114 97 32 70 117 114 116 97 100 111 41 
NAO
65 100 105 97 115 32 97 -23 114 101 97 32 115 97 -19 100 97 46 32 40 66 101 116 111 32 70 117 114 113 117 105 109 41 
NAO
65 104 44 32 39 108 101 118 97 32 101 117 39 44 32 113 117 101 32 97 32 118 101 108 104 97 46 46 46 32 40 77 97 116 101 117 115 32 83 46 32 84 104 105 109 -13 116 101 111 41 
NAO
65 104 44 32 108 105 118 114 101 32 101 114 97 32 112 97 112 97 105 32 110 111 101 108 44 32 108 101 111 110 32 105 97 32 112 97 112 97 114 32 -23 32 101 114 118 105 108 104 97 46 32 40 82 111 103 -23 114 105 111 32 68 117 97 114 116 101 32 70 105 108 104 111 41 
NAO
65 105 44 32 82 97 118 101 108 44 32 97 114 97 100 111 115 44 32 115 101 114 114 111 116 101 115 32 101 32 116 111 114 114 101 115 44 32 115 -13 32 68 97 114 97 32 108 101 118 97 114 105 97 32 40 77 97 114 99 101 108 111 32 67 111 105 109 98 114 97 32 70 117 114 116 97 100 111 41 
NAO
65 106 117 100 101 109 32 69 100 117 32 106 -31 33 32 40 -62 110 100 114 101 121 32 71 97 108 118 -29 111 41 
NAO
65 109 97 114 103 97 32 -23 32 97 32 109 97 99 97 32 45 32 116 105 114 97 45 97 44 32 82 105 116 97 33 32 99 97 109 97 32 -23 32 97 32 103 114 97 109 97 46 46 46 32 40 77 97 114 99 111 115 32 67 104 114 105 115 112 105 109 41 
NAO
65 109 101 32 97 32 101 109 97 
NAO
65 109 101 32 111 32 112 111 101 109 97 
NAO
65 109 105 108 44 32 109 101 114 97 32 103 117 108 97 44 32 -23 32 100 105 97 44 32 105 100 101 32 97 108 117 103 97 114 32 101 109 32 76 105 109 97 32 40 -62 110 100 114 101 121 32 71 97 108 118 -29 111 41 
NAO
65 109 111 114 44 32 97 110 105 118 101 114 115 -31 114 105 111 58 32 115 -13 32 105 114 97 115 32 114 101 118 105 32 110 97 32 82 111 109 97 32 40 69 100 117 97 114 100 111 32 66 97 110 107 115 41 
NAO
65 109 111 114 32 109 101 32 97 -25 111 100 97 44 32 97 118 105 118 97 44 32 97 100 111 -25 97 32 101 109 32 82 111 109 97 46 32 40 66 101 116 111 32 70 117 114 113 117 105 109 41 
NAO
65 109 111 114 97 32 109 101 32 116 101 109 32 97 114 111 109 97 
NAO
65 110 97 44 32 99 97 115 101 44 32 101 115 115 101 32 -23 32 115 97 99 97 110 97 
NAO
65 110 97 32 108 97 118 97 32 76 97 110 97 
NAO
65 110 97 32 109 101 32 114 111 108 97 44 32 99 97 108 111 114 32 101 109 97 110 97 46 46 46 
NAO
65 110 97 32 40 101 32 68 97 114 105 41 32 105 114 -31 32 114 101 108 101 114 32 65 114 105 59 32 105 114 97 32 100 101 32 65 110 97 46 32 40 70 105 108 105 112 101 32 80 114 97 116 101 115 41 
NAO
65 110 97 32 80 101 110 -23 108 111 112 101 32 97 114 100 101 114 32 97 32 76 117 97 32 97 99 105 116 111 114 101 32 -23 32 101 114 -13 116 105 99 97 32 97 117 108 97 32 114 101 100 114 97 32 101 32 112 -13 108 101 110 32 101 32 112 97 110 97 46 32 40 69 100 117 97 114 100 111 32 66 97 110 107 115 41 
NAO
65 110 100 101 32 108 111 103 111 44 32 101 108 97 32 118 97 108 101 32 111 32 103 111 108 44 32 69 100 110 97 33 32 40 77 97 114 99 101 108 111 32 67 111 105 109 98 114 97 32 70 117 114 116 97 100 111 41 
NAO
65 110 111 116 97 114 97 109 32 97 32 100 97 116 97 32 100 97 32 109 97 114 97 116 111 110 97 32 40 70 114 97 110 -25 111 105 115 32 83 46 32 79 108 105 118 101 105 114 97 41 
NAO
65 32 112 97 116 101 116 97 32 97 109 97 32 97 116 -23 32 116 97 112 97 46 46 46 
NAO
65 32 112 111 114 116 97 32 114 97 110 103 105 97 32 -32 32 105 103 110 97 114 97 32 116 114 111 112 97 
NAO
65 112 -13 115 32 97 32 115 111 112 97 
NAO
65 32 114 97 114 97 32 97 114 97 114 97 
NAO
65 114 32 103 101 114 97 32 114 101 103 114 97 32 40 77 97 116 101 117 115 32 83 46 32 84 104 105 109 -13 116 101 111 41 
NAO
65 114 97 114 -31 115 46 32 65 32 99 117 99 97 32 114 111 100 97 46 32 65 116 97 32 -23 32 98 111 109 32 115 101 109 101 97 114 46 32 65 115 115 101 109 45 97 32 115 101 109 32 111 118 111 44 32 109 -22 115 32 97 32 109 -22 115 44 32 115 97 114 97 46 32 69 32 109 101 115 109 111 32 98 101 97 116 97 44 32 97 32 100 111 114 44 32 97 32 99 117 99 97 32 115 97 114 97 114 -31 46 32 40 65 108 109 105 32 67 97 114 100 111 115 111 32 100 97 32 83 105 108 118 97 41 
NAO
65 114 102 97 115 32 97 32 97 114 97 114 32 115 111 108 111 115 59 32 114 97 114 97 44 32 97 32 115 97 102 114 97 46 32 40 66 101 116 111 32 70 117 114 113 117 105 109 41 
NAO
65 32 82 105 116 97 44 32 115 111 98 114 101 32 118 111 118 -12 44 32 118 101 114 98 111 115 32 97 116 105 114 97 32 40 82 -12 109 117 108 111 32 77 97 114 105 110 104 111 41 
NAO
65 32 114 111 100 97 32 100 97 32 68 111 114 97 
NAO
65 114 111 44 32 102 97 108 97 32 111 98 97 32 105 100 101 109 42 46 32 69 100 117 44 32 116 105 118 101 32 111 32 100 110 97 32 100 117 109 32 101 99 111 32 100 101 115 115 101 46 32 65 -19 32 109 111 -25 111 44 32 116 111 109 97 46 32 90 101 100 105 44 32 112 97 114 101 32 100 101 32 108 101 114 32 101 32 118 97 105 44 32 105 100 101 32 101 32 108 101 118 97 105 46 32 68 97 110 105 101 108 32 101 105 32 118 97 105 32 114 111 100 97 32 116 117 32 112 42 46 32 77 111 -25 111 44 32 111 32 99 111 109 112 117 116 97 100 111 114 32 105 97 44 32 118 105 32 101 108 101 32 105 110 97 100 105 -31 118 101 108 44 32 101 32 69 100 105 32 105 97 32 118 101 114 32 101 108 101 32 100 101 32 114 97 112 105 100 101 122 32 97 32 109 111 116 111 46 32 67 111 109 105 32 97 32 101 115 115 101 32 100 111 99 101 32 109 117 100 97 110 100 111 32 101 32 118 105 32 116 117 32 100 101 32 109 101 100 105 97 32 98 111 97 32 108 -31 32 102 111 114 97 46 40 -62 110 100 114 101 121 32 71 97 108 118 -29 111 41 
NAO
65 114 111 109 97 46 32 77 101 32 115 117 112 117 115 32 101 109 32 97 109 111 114 97 46 32 40 66 101 116 111 32 70 117 114 113 117 105 109 41 
NAO
65 32 115 97 99 97 100 97 32 100 97 32 99 97 115 97 
NAO
65 32 115 101 109 97 110 97 32 116 111 100 97 32 108 101 109 111 115 58 32 115 -13 32 109 101 108 97 100 111 32 116 -31 32 110 97 32 109 101 115 97 32 40 77 97 114 99 101 108 111 32 67 111 105 109 98 114 97 32 70 117 114 116 97 100 111 41 
NAO
65 112 -13 115 32 97 32 110 101 103 114 97 32 102 97 108 97 114 -31 115 58 32 83 97 114 97 32 76 97 102 97 114 103 101 32 110 97 32 115 111 112 97 33 32 40 69 117 99 108 105 100 101 115 32 74 111 115 -23 32 77 97 99 105 101 108 32 77 97 114 113 117 101 115 41 
NAO
65 114 97 109 101 32 110 97 32 99 105 100 97 100 101 63 32 77 101 108 101 45 111 33 32 69 108 101 32 102 97 122 32 97 32 102 -23 44 32 76 -23 111 33 32 69 108 101 32 109 101 32 100 -31 32 100 105 99 97 44 32 110 -23 44 32 77 97 114 97 63 32 40 77 97 116 101 117 115 32 83 46 32 84 104 105 109 -13 116 101 111 41 
NAO
65 114 97 114 97 44 32 118 105 32 112 97 99 97 32 101 32 97 32 99 97 112 105 118 97 114 97 46 32 82 -31 33 32 40 77 97 116 101 117 115 32 83 46 32 84 104 105 109 -13 116 101 111 41 
NAO
65 115 97 44 32 99 97 110 101 116 97 44 32 97 114 114 111 122 44 32 114 97 100 97 114 44 32 122 111 114 114 97 58 32 97 116 -23 32 110 97 32 99 97 115 97 63 32 40 77 97 116 101 117 115 32 83 46 32 84 104 105 109 -13 116 101 111 41 
NAO
65 115 115 105 109 32 97 32 97 105 97 32 105 97 32 -32 32 109 105 115 115 97 32 40 77 105 108 108 111 114 32 70 101 114 110 97 110 100 101 115 41 
NAO
65 115 115 105 109 32 97 32 97 108 117 110 97 32 97 110 117 108 97 32 97 32 109 105 115 115 97 
NAO
65 116 -23 32 110 97 32 99 97 110 97 44 32 116 111 32 110 97 32 76 117 97 46 32 80 97 117 108 44 32 97 110 111 116 97 32 110 97 32 99 97 110 101 116 97 32 40 -62 110 100 114 101 121 32 71 97 108 118 -29 111 41 
NAO
65 116 -23 32 82 101 97 103 97 110 32 115 105 98 97 114 105 116 97 32 116 105 114 97 32 98 105 115 110 97 103 97 32 101 114 101 116 97 32 40 67 104 105 99 111 32 66 117 97 114 113 117 101 41 
NAO
65 32 115 111 103 114 97 32 109 -31 32 101 32 97 109 97 114 103 111 115 97 
NAO
65 116 105 110 111 63 98 97 110 97 110 97 32 98 111 110 105 116 97 46 
NAO
65 116 108 97 115 44 32 111 109 105 115 115 -19 115 115 105 109 111 44 32 115 97 108 116 97 46 32 40 66 101 116 111 32 70 117 114 113 117 105 109 41 
NAO
65 116 111 32 105 100 105 111 116 97 
NAO
65 32 116 111 114 114 101 32 100 97 32 100 101 114 114 111 116 97 
NAO
65 117 108 97 32 110 97 32 76 117 97 32 40 77 97 116 101 117 115 32 83 46 32 84 104 105 109 -13 116 101 111 41 
NAO
65 117 108 97 32 115 111 98 114 101 32 118 101 114 98 111 115 32 -32 32 76 117 97 32 40 77 97 116 101 117 115 32 83 46 32 84 104 105 109 -13 116 101 111 41 
NAO
65 32 86 97 114 105 103 32 103 105 114 97 118 97 32 40 68 105 111 103 111 32 86 97 115 99 111 110 99 101 108 108 111 115 32 76 105 109 97 41 
NAO
65 32 86 97 114 105 103 32 103 105 114 97 118 97 32 40 68 105 111 103 111 32 86 97 115 99 111 110 99 101 108 108 111 115 32 76 105 109 97 41 
NAO
65 118 101 32 118 101 108 111 122 32 111 32 108 101 118 101 46 32 86 -31 33 
NAO
-55 32 97 32 109 97 116 101 105 114 97 32 77 97 114 105 101 116 97 32 109 -29 101 63 
NAO
-55 32 99 111 118 97 33 32 80 117 120 97 44 32 97 109 111 32 116 111 115 115 105 114 32 101 32 97 109 101 33 32 68 101 32 111 32 100 110 97 32 82 -12 33 32 77 97 110 111 44 32 97 32 84 104 97 105 115 105 63 32 65 104 44 32 116 -29 111 32 110 97 109 111 114 97 110 100 111 33 32 -55 32 100 101 32 109 -29 101 32 40 114 105 115 115 111 41 46 32 84 111 109 97 44 32 97 120 117 32 112 -31 32 118 111 99 101 33 32 40 -62 110 100 114 101 121 32 71 97 108 118 -29 111 32 66 97 114 98 111 115 97 41 
NAO
69 32 65 109 97 114 111 63 32 70 97 122 32 97 32 112 97 122 32 97 102 111 114 97 44 32 109 -29 101 46 32 40 66 114 117 110 111 32 80 114 97 116 101 115 41 
NAO
69 32 97 115 115 105 109 32 97 32 109 105 115 115 97 32 -23 
NAO
69 32 97 116 -23 32 111 32 80 97 112 97 32 112 111 101 116 97 32 -23 -108 32 40 82 -12 109 117 108 111 32 77 97 114 105 110 104 111 41 
NAO
-55 44 32 102 97 108 97 33 32 65 44 32 114 101 122 97 33 32 70 97 108 97 33 32 -45 44 32 106 117 114 97 58 32 109 -29 111 32 100 101 32 49 49 32 -23 32 100 111 40 97 41 32 109 97 114 117 106 111 40 97 41 32 76 -31 44 32 102 97 122 101 114 32 97 32 65 108 -31 32 102 -23 33 32 40 77 97 116 101 117 115 32 83 46 32 84 104 105 109 -13 116 101 111 41 
NAO
69 32 76 101 100 97 44 32 115 97 99 97 110 97 44 32 105 97 32 110 97 32 99 97 115 97 32 100 101 108 101 32 40 77 97 114 99 101 108 111 32 67 111 105 109 98 114 97 32 70 117 114 116 97 100 111 41 
NAO
69 109 97 44 32 115 -13 32 97 112 -13 115 32 109 101 114 101 99 101 114 101 109 32 115 111 112 97 32 111 115 32 97 109 101 46 32 40 66 101 116 111 32 70 117 114 113 117 105 109 41 
NAO
69 108 101 32 112 97 100 101 99 101 32 100 97 32 112 101 108 101 
NAO
69 32 116 101 108 97 115 32 101 114 97 109 32 117 115 97 100 97 115 32 -32 32 99 97 110 101 116 97 32 97 116 -23 32 110 97 32 99 97 115 97 32 100 97 32 83 117 109 97 114 -23 44 32 83 97 108 101 116 101 33 
NAO
69 32 116 111 109 97 44 32 108 101 118 97 44 32 114 111 100 97 32 97 32 109 105 115 115 97 46 32 82 101 122 97 32 102 97 114 -31 32 112 114 97 122 101 114 46 46 46 32 101 32 108 97 118 101 45 109 101 44 32 -13 116 105 109 111 32 -23 32 111 32 100 101 109 111 44 32 101 118 105 116 101 32 111 32 97 122 97 114 44 32 101 118 105 116 101 45 115 101 32 101 115 115 101 32 109 -22 115 46 32 65 99 111 114 100 101 32 112 101 100 114 111 99 97 32 115 101 109 32 101 115 115 101 32 40 101 32 115 101 32 116 105 118 101 32 114 97 122 -29 111 44 32 101 32 116 105 118 101 41 32 111 32 109 101 100 111 32 -23 32 111 32 109 105 116 111 32 101 32 109 101 32 118 97 108 101 32 114 101 122 97 114 32 112 97 114 97 32 102 97 122 101 114 32 97 115 115 105 109 46 32 -64 32 65 100 111 114 -31 118 101 108 44 32 97 109 111 45 116 101 46 32 40 82 111 103 -23 114 105 111 32 68 117 97 114 116 101 32 70 105 108 104 111 41 
NAO
69 32 116 114 111 99 97 32 97 32 99 111 114 116 101 33 32 40 77 97 116 101 117 115 32 83 46 32 84 104 105 109 -13 116 101 111 41 
NAO
69 32 118 -31 32 97 112 -13 115 32 97 32 115 111 112 97 44 32 97 118 101 33 32 40 77 97 116 101 117 115 32 83 46 32 84 104 105 109 -13 116 101 111 41 
NAO
-55 32 118 111 108 105 116 97 114 32 116 101 114 32 97 32 97 118 101 46 46 46 32 76 105 99 111 32 100 111 109 105 110 97 32 101 32 108 -22 46 32 -63 116 105 99 97 44 32 65 110 97 32 77 111 114 97 108 101 44 32 97 32 116 105 44 32 80 97 111 108 111 44 32 116 111 100 97 118 105 97 44 32 114 101 108 -22 46 32 65 115 115 105 110 97 100 97 44 32 101 108 97 32 102 97 108 97 58 32 -111 -106 32 83 97 105 44 32 99 97 108 97 44 32 102 111 103 101 44 32 114 101 116 114 97 116 97 44 32 118 -31 44 32 -13 32 83 97 116 105 109 33 32 40 114 101 112 101 116 101 109 32 111 32 110 111 115 115 111 32 110 111 109 101 41 46 32 84 101 32 112 101 114 109 105 116 97 115 32 111 32 97 118 97 116 97 114 32 116 101 114 32 101 103 111 46 32 70 97 108 -31 99 105 97 115 44 32 65 108 -31 44 32 102 97 108 101 32 -32 32 68 97 110 105 115 115 97 33 -110 32 69 108 101 44 32 114 97 105 118 97 32 100 111 32 116 111 108 111 44 32 97 112 105 116 97 46 46 46 32 69 108 97 44 32 114 111 109 97 110 97 44 32 97 32 99 105 116 97 46 32 69 108 101 44 32 -30 110 105 109 111 32 100 -13 99 105 108 46 46 46 32 69 118 97 44 32 97 32 114 101 116 114 -31 116 105 108 44 32 111 32 118 -22 33 32 40 72 101 114 98 101 114 116 32 83 97 97 118 101 100 114 97 41 
NAO
69 109 32 114 111 100 97 44 32 116 114 111 112 97 44 32 97 112 -13 115 32 97 32 115 111 112 97 44 32 -32 32 112 111 114 116 97 32 100 111 114 109 101 32 40 82 -12 109 117 108 111 32 77 97 114 105 110 104 111 41 
NAO
-55 115 105 111 44 32 102 97 108 101 33 32 65 105 44 32 82 97 118 101 108 44 32 97 114 97 100 111 115 44 32 115 101 114 114 111 116 101 115 32 101 32 116 111 114 114 101 115 32 115 -13 32 68 97 114 97 32 108 101 118 97 114 105 97 46 32 69 108 97 32 102 111 105 45 115 101 32 40 77 97 114 99 101 108 111 32 67 111 105 109 98 114 97 32 70 117 114 116 97 100 111 41 
NAO
-55 115 32 115 97 112 111 63 32 80 97 115 115 101 
NAO
69 116 97 44 32 108 111 110 103 101 32 69 103 110 111 32 108 97 116 101 32 40 77 97 116 101 117 115 32 83 46 32 84 104 105 109 -13 116 101 111 41 
NAO
69 117 44 32 110 101 116 111 59 32 118 111 118 -12 44 32 116 -22 110 117 101 32 40 76 101 111 32 67 117 110 104 97 41 
NAO
69 118 97 44 32 97 115 115 101 32 101 115 115 97 32 97 118 101 
NAO
69 118 97 44 32 97 115 115 101 32 101 32 112 97 112 101 32 101 115 115 97 32 97 118 101 
NAO
73 97 44 32 118 101 109 32 101 32 118 97 105 32 40 77 97 116 101 117 115 32 83 46 32 84 104 105 109 -13 116 101 111 41 
NAO
73 97 115 32 101 109 32 109 105 115 115 97 63 32 76 111 103 111 32 111 32 103 111 108 32 97 115 115 105 109 32 109 101 32 115 97 105 46 46 46 32 40 77 97 114 99 111 115 32 67 104 114 105 115 112 105 109 41 
NAO
-51 114 105 115 32 97 109 97 32 115 105 114 105 32 40 -51 116 97 108 111 32 76 111 117 114 101 110 -25 111 41 
NAO
-51 116 97 108 111 44 32 108 97 116 105 32 40 77 97 116 101 117 115 32 83 46 32 84 104 105 109 -13 116 101 111 41 
NAO
70 105 99 97 32 102 -31 99 105 108 32 101 115 99 114 101 118 101 114 32 112 97 108 105 110 100 114 111 109 111 115 32 99 111 109 32 110 111 109 101 115 32 112 114 -13 112 114 105 111 115 44 32 99 111 109 111 32 102 97 122 101 109 32 77 101 122 97 102 32 79 109 111 99 115 111 44 32 73 114 112 111 114 112 32 83 101 109 111 110 44 32 77 111 99 115 32 79 109 111 114 100 44 32 78 105 108 97 32 80 114 101 118 101 114 99 115 32 101 32 76 105 99 97 32 70 97 99 105 102 46 32 40 82 111 100 114 105 103 111 32 77 97 114 -25 97 108 32 101 32 77 97 114 99 111 32 86 105 101 105 114 97 41 
NAO
71 105 114 97 118 97 32 86 97 114 105 103 32 40 77 97 116 101 117 115 32 83 46 32 84 104 105 109 -13 116 101 111 41 
NAO
72 -31 32 103 97 122 32 110 111 32 71 111 110 122 97 103 97 46 32 40 65 110 116 111 110 105 111 32 100 101 32 67 97 115 116 114 111 32 82 111 99 104 97 32 74 114 41 
NAO
72 -31 32 103 97 122 32 110 111 32 71 111 110 122 97 103 97 46 32 40 65 110 116 111 110 105 111 32 100 101 32 67 97 115 116 114 111 32 82 111 99 104 97 32 74 114 41 
NAO
72 -31 32 103 97 122 32 110 111 32 71 111 110 122 97 103 97 46 32 40 65 110 116 111 110 105 111 32 100 101 32 67 97 115 116 114 111 32 82 111 99 104 97 32 74 114 41 
NAO
76 97 -25 111 32 98 97 99 97 110 97 32 112 97 114 97 32 112 97 110 97 99 97 32 98 111 -25 97 108 32 40 82 -12 109 117 108 111 32 77 97 114 105 110 104 111 41 
NAO
76 97 101 108 32 -23 32 108 101 97 108 33 32 40 82 105 99 97 114 100 111 32 66 105 101 115 101 107 41 
NAO
76 -31 32 116 -31 32 110 111 32 110 111 118 111 59 32 101 32 115 101 109 32 111 32 99 97 108 105 102 97 32 110 97 32 102 105 108 97 32 99 111 109 101 45 115 101 32 111 118 111 32 110 111 32 78 97 116 97 108 46 32 40 65 110 116 111 110 105 111 32 80 114 97 116 101 115 41 
NAO
76 -31 32 116 101 109 32 109 101 116 97 108 46 
NAO
76 97 118 111 32 111 118 111 32 111 118 97 108 32 40 77 97 116 101 117 115 32 83 46 32 84 104 105 109 -13 116 101 111 41 
NAO
76 101 110 97 32 109 101 32 116 101 118 101 32 40 116 101 109 41 32 97 110 101 108 32 40 77 97 116 101 117 115 32 83 46 32 84 104 105 109 -13 116 101 111 41 
NAO
76 105 103 97 58 32 115 101 32 115 111 98 101 115 32 115 101 98 111 115 44 32 -23 115 32 -31 103 105 108 46 32 40 66 101 116 111 32 70 117 114 113 117 105 109 41 
NAO
76 105 118 114 101 32 100 111 32 112 111 100 101 114 32 118 105 108 32 40 82 111 103 -23 114 105 111 32 68 117 97 114 116 101 32 70 105 108 104 111 41 
NAO
76 117 122 97 32 82 111 99 101 108 105 110 97 44 32 97 32 110 97 109 111 114 97 100 97 32 100 111 32 77 97 110 117 101 108 44 32 108 101 117 32 110 97 32 -109 77 111 100 97 32 100 97 32 82 111 109 97 110 97 -108 58 32 -109 65 110 105 108 32 -23 32 99 111 114 32 97 122 117 108 -108 
NAO
77 97 114 105 97 44 32 83 101 108 101 110 97 32 101 32 65 110 101 108 101 32 115 97 -19 114 97 109 32 40 69 117 99 108 105 100 101 115 32 74 111 115 -23 32 77 97 99 105 101 108 32 77 97 114 113 117 101 115 41 
NAO
77 97 114 117 106 111 115 32 115 -13 32 106 117 114 97 109 
NAO
77 97 116 97 32 100 97 32 84 65 77 32 40 77 97 116 101 117 115 32 83 46 32 84 104 105 109 -13 116 101 111 41 
NAO
77 111 100 111 58 32 115 111 109 32 116 105 114 97 109 111 115 44 32 115 111 109 97 109 111 115 32 115 111 109 32 97 32 114 105 116 109 111 115 58 32 111 32 100 111 109 32 40 82 -12 109 117 108 111 32 77 97 114 105 110 104 111 41 
NAO
77 111 114 114 97 109 32 97 112 -13 115 32 97 32 115 111 112 97 32 109 97 114 114 111 109 
NAO
78 97 118 105 111 32 77 79 67 83 63 32 85 101 104 44 32 116 97 32 77 97 116 104 101 117 115 32 99 111 109 32 111 32 73 118 97 110 63 32 40 73 118 97 110 32 83 111 117 122 97 32 100 101 32 65 110 100 114 97 100 101 44 32 112 47 32 111 32 102 105 108 104 111 44 32 77 97 116 104 101 117 115 32 66 46 87 46 65 41 
NAO
79 32 99 97 115 111 32 100 97 32 100 114 111 103 97 32 100 97 32 103 111 114 100 97 32 100 111 32 115 97 99 111 
NAO
79 32 99 -23 117 32 115 117 101 99 111 
NAO
79 32 67 105 100 32 -23 32 109 -23 100 105 99 111 
NAO
79 32 68 101 99 97 109 101 114 -29 111 58 32 97 114 101 44 32 77 97 99 101 100 111 32 40 69 100 117 97 114 100 111 32 66 97 110 107 115 41 
NAO
79 32 68 101 109 111 32 -23 32 116 101 109 97 44 32 115 117 97 32 99 97 117 115 97 32 109 101 116 101 32 111 32 109 101 100 111 46 32 40 83 97 110 32 84 105 97 103 111 32 67 97 114 97 -19 118 97 41 
NAO
-45 100 105 111 32 100 111 32 100 111 105 100 111 33 
NAO
79 32 71 97 108 46 32 76 101 110 111 32 82 111 99 97 44 32 -32 32 112 111 114 116 97 32 100 97 32 99 105 100 97 100 101 44 32 97 32 112 111 114 116 97 100 111 114 32 114 101 108 97 116 97 32 102 97 116 97 108 32 101 114 114 111 32 100 97 32 116 114 111 112 97 32 101 32 100 -31 32 100 105 99 97 32 100 97 32 116 114 111 112 97 32 97 32 67 111 114 111 110 101 108 32 76 97 103 111 32 40 82 -12 109 117 108 111 32 77 97 114 105 110 104 111 41 
NAO
79 32 103 97 108 111 32 97 109 97 32 111 32 108 97 103 111 
NAO
79 32 103 97 108 111 32 110 111 32 108 97 103 111 
NAO
-45 44 32 109 97 115 32 97 100 111 114 111 32 114 111 100 97 115 58 32 97 109 111 33 32 40 77 97 116 101 117 115 32 83 46 32 84 104 105 109 -13 116 101 111 41 
NAO
79 104 33 32 76 105 109 111 110 97 100 97 32 110 111 32 109 105 108 104 111 63 32 40 77 97 114 99 101 108 111 32 67 111 105 109 98 114 97 32 70 117 114 116 97 100 111 41 
NAO
79 104 32 110 111 115 115 97 115 32 108 117 118 97 115 32 97 118 117 108 115 97 115 44 32 115 111 110 104 111 46 46 46 32 40 82 111 103 -23 114 105 111 32 68 117 97 114 116 101 32 70 105 108 104 111 41 
NAO
79 104 44 32 110 -13 32 100 101 32 77 97 114 97 32 109 101 100 111 110 104 111 33 40 71 108 101 116 115 111 110 32 65 103 117 105 97 114 32 77 97 114 116 105 110 115 41 
NAO
79 105 44 32 110 -13 33 32 77 101 100 111 32 100 111 32 100 101 109 -12 110 105 111 63 32 40 77 97 116 101 117 115 32 83 46 32 84 104 105 109 -13 116 101 111 41 
NAO
79 105 44 32 110 -13 33 32 77 101 100 111 32 100 111 32 100 101 109 -12 110 105 111 63 32 40 77 97 116 101 117 115 32 83 46 32 84 104 105 109 -13 116 101 111 41 
NAO
79 105 33 32 76 101 118 97 32 97 114 97 114 97 63 32 45 32 65 118 101 32 76 105 111 33 
NAO
79 32 73 118 97 110 32 97 109 97 32 110 97 118 105 111 32 40 73 118 97 110 32 78 105 99 111 108 105 41 
NAO
79 108 -31 32 116 105 111 32 -51 116 97 108 111 32 40 -51 116 97 108 111 32 76 111 117 114 101 110 -25 111 41 
NAO
79 32 108 111 98 111 32 97 109 97 32 111 32 98 111 108 111 
NAO
79 32 109 101 114 111 32 114 101 109 111 32 40 -51 116 97 108 111 32 76 111 117 114 101 110 -25 111 41 
NAO
79 32 109 105 116 111 32 -23 32 -13 116 105 109 111 
NAO
79 32 112 -13 32 100 101 32 99 111 99 97 -19 110 97 32 109 97 116 97 32 109 97 110 -19 97 99 111 32 99 101 100 111 44 32 112 -12 33 
NAO
79 32 112 -13 32 100 101 32 99 111 99 97 -19 110 97 32 109 97 116 97 32 109 97 110 -19 97 99 111 32 99 101 100 111 44 32 112 -12 33 
NAO
79 114 97 114 32 -23 32 101 109 32 109 105 115 115 97 63 32 65 115 115 105 109 32 109 101 32 -23 32 114 97 114 111 33 32 40 77 97 116 101 117 115 32 83 46 32 84 104 105 109 -13 116 101 111 41 
NAO
79 32 114 111 109 97 110 111 32 97 99 97 116 97 32 97 109 111 114 101 115 32 97 32 100 97 109 97 115 32 97 109 97 100 97 115 32 101 32 82 111 109 97 32 97 116 97 99 97 32 111 32 110 97 109 111 114 111 
NAO
79 32 114 111 109 97 110 111 32 100 111 32 110 97 109 111 114 111 32 40 77 97 116 101 117 115 32 83 46 32 84 104 105 109 -13 116 101 111 41 
NAO
79 115 108 111 58 32 111 32 99 108 -29 32 -23 32 100 101 32 -31 108 99 111 111 108 32 115 -13 32 40 76 101 111 32 67 117 110 104 97 41 
NAO
79 32 116 97 108 32 -23 32 111 32 114 105 111 32 108 101 118 101 32 110 97 32 110 101 118 101 32 108 111 105 114 111 32 101 32 108 97 116 111 32 40 82 111 98 101 114 116 111 32 70 46 32 83 105 108 118 101 115 116 114 101 41 
NAO
79 32 116 97 112 97 46 32 79 104 33 32 76 105 45 109 101 44 32 68 97 116 101 110 97 46 32 67 111 109 97 32 97 114 114 111 122 46 32 -45 44 32 110 -29 111 32 -23 32 111 32 97 110 111 46 32 90 111 114 114 97 58 32 97 109 111 58 32 99 97 110 101 116 97 59 32 100 101 32 109 105 108 104 111 32 97 32 112 97 116 111 32 40 77 97 116 101 117 115 32 83 46 32 84 104 105 109 -13 116 101 111 41 
NAO
79 32 116 101 117 32 100 114 97 109 97 32 -23 32 97 109 97 114 32 100 117 101 116 111 
NAO
79 32 116 101 114 114 -19 118 101 108 32 -23 32 101 108 101 32 118 105 114 32 114 101 116 111 32 40 82 -12 109 117 108 111 32 77 97 114 105 110 104 111 41 
NAO
79 116 111 32 99 111 109 101 32 100 111 99 101 32 115 101 99 111 32 100 101 32 109 111 99 111 116 -13 32 40 82 -12 109 117 108 111 32 77 97 114 105 110 104 111 41 
NAO
79 116 111 32 99 111 109 101 32 109 111 99 111 116 -13 
NAO
79 32 116 114 101 99 111 32 99 101 114 116 111 
NAO
79 32 118 111 111 32 100 111 32 111 118 111 
NAO
82 97 109 111 32 100 111 32 109 97 114 32 40 77 97 116 101 117 115 32 83 46 32 84 104 105 109 -13 116 101 111 41 
NAO
82 101 118 101 114 116 97 32 -23 32 118 101 114 98 111 44 32 79 32 118 105 118 111 32 98 114 101 118 101 32 -23 44 32 83 97 98 101 32 98 101 109 32 97 109 -31 45 108 111 32 111 32 76 97 109 97 44 32 77 101 32 98 101 98 97 32 115 101 32 -23 32 118 101 114 98 111 32 118 105 118 111 44 32 79 32 98 114 101 118 101 32 97 116 114 101 118 101 114 46 32 40 82 111 103 -23 114 105 111 32 68 117 97 114 116 101 32 70 105 108 104 111 41 
NAO
82 101 122 97 114 32 112 114 111 32 80 101 100 114 111 32 40 109 111 114 100 101 32 112 111 114 32 112 114 97 122 101 114 41 46 32 40 66 114 117 110 111 32 80 114 97 116 101 115 41 
NAO
82 105 114 44 32 111 32 98 114 101 118 101 32 118 101 114 98 111 32 114 105 114 
NAO
82 111 100 97 32 101 115 115 101 32 99 111 114 112 111 44 32 112 114 111 99 101 115 115 101 32 97 32 100 111 114 33 
NAO
82 111 109 97 32 -23 32 97 109 111 114 
NAO
82 111 109 97 63 32 69 117 63 32 81 117 101 32 97 109 111 114 46 46 46 32 40 77 97 116 101 117 115 32 83 46 32 84 104 105 109 -13 116 101 111 41 32 45 32 112 114 105 109 101 105 114 97 32 102 114 97 115 101 32 112 97 108 -19 110 100 114 111 109 97 32 99 111 109 32 97 32 108 101 116 114 97 32 81 
NAO
82 111 109 97 32 109 101 32 116 101 109 32 97 109 111 114 
NAO
83 -31 32 100 -31 32 116 97 112 97 115 32 101 32 115 97 112 97 116 97 100 97 115 
NAO
83 -31 44 32 103 114 97 118 101 32 86 97 114 103 97 115 
NAO
83 97 -19 114 97 109 32 111 32 116 105 111 32 101 32 111 105 116 111 32 109 97 114 105 97 115 
NAO
83 97 105 115 32 115 101 109 32 111 32 99 97 115 97 99 111 44 32 77 101 115 115 105 97 115 63 
NAO
83 97 108 116 97 32 111 32 65 116 108 97 115 
NAO
83 97 108 116 97 114 97 109 32 111 32 109 97 114 44 32 65 116 108 97 115 
NAO
83 101 99 111 32 100 101 32 114 97 105 118 97 44 32 99 111 108 111 99 111 32 110 111 32 99 111 108 111 32 99 97 118 105 97 114 32 101 32 100 111 99 101 115 
NAO
83 101 109 32 111 32 100 111 116 101 44 32 -23 32 116 111 100 111 32 109 -22 115 
NAO
83 101 114 32 98 101 108 111 44 32 108 101 98 114 101 115 33 
NAO
95 83 101 114 101 115 32 115 97 114 111 32 104 -31 32 104 111 114 97 115 33 32 95 83 101 114 101 115 63 33 
NAO
83 101 32 114 111 116 97 44 32 115 -12 44 32 97 118 101 32 108 101 118 97 32 111 115 32 97 116 111 114 101 115 33 
NAO
83 111 97 109 45 109 101 32 -13 116 105 109 111 115 32 111 115 32 114 101 118 101 114 115 111 115 58 32 111 32 109 105 116 111 32 101 109 32 109 -29 111 115 33 
NAO
83 -13 32 99 111 109 32 111 32 116 105 111 32 115 111 109 -31 118 97 109 111 115 32 111 105 116 111 32 109 111 -25 111 115 
NAO
83 -13 32 68 110 105 114 97 32 109 97 116 97 32 116 97 109 97 114 105 110 100 111 115 46 46 46 
NAO
83 111 99 111 114 114 97 109 32 77 97 114 114 111 99 111 115 
NAO
83 111 99 111 114 114 97 109 45 109 101 32 101 109 32 77 97 114 114 111 99 111 115 33 
NAO
83 111 99 111 114 114 97 109 45 109 101 44 32 115 117 98 105 32 110 111 32 -12 110 105 98 117 115 32 101 109 32 77 97 114 114 111 99 111 115 33 
NAO
83 111 108 117 -25 111 117 32 101 109 32 109 101 117 32 -13 99 117 108 111 115 
NAO
83 -13 32 109 101 108 97 100 111 32 116 -31 32 110 97 32 109 101 115 97 32 97 32 115 101 109 97 110 97 32 116 111 100 97 44 32 76 101 109 111 115 33 
NAO
83 111 114 114 105 46 32 80 46 83 46 58 32 101 115 112 105 114 114 111 115 33 
NAO
83 79 83 44 32 65 32 86 97 114 105 103 32 103 105 114 97 118 97 44 32 83 79 83 
NAO
83 117 98 105 32 110 111 32 -12 110 105 98 117 115 
NAO
83 117 98 105 32 110 111 32 -12 110 105 98 117 115 
NAO
83 117 98 105 32 110 111 32 -12 110 105 98 117 115 
NAO
83 117 98 105 32 110 111 32 -12 110 105 98 117 115 
NAO
83 117 98 105 32 110 111 32 -12 110 105 98 117 115 
NAO
84 117 99 97 110 111 32 110 97 32 67 85 84 
NAO
90 -23 32 100 101 32 76 105 109 97 44 32 82 117 97 32 76 97 117 114 97 44 32 109 105 108 32 101 32 100 101 122 
NAO
90 -23 32 100 111 32 100 101 122 
NAO
76 105 118 114 111 32 100 97 32 100 111 114 32 118 105 108 46 
NAO
79 32 78 111 114 116 111 110 32 110 111 32 116 114 111 110 111 46 
NAO
79 32 112 97 118 -29 111 32 118 -22 32 97 114 97 114 97 44 32 115 -13 32 118 105 32 117 114 117 98 117 32 114 117 105 118 111 32 115 97 114 97 114 -31 32 101 32 118 111 97 118 97 32 112 -12 33 
NAO
82 105 97 44 32 115 -13 32 116 105 118 101 32 115 111 114 116 101 32 109 -31 44 32 97 32 109 101 116 114 111 115 32 101 118 105 116 111 32 115 97 105 114 46 
NAO
65 99 105 110 116 101 32 97 110 105 109 97 108 58 32 97 111 115 32 115 111 112 97 112 111 115 44 32 115 111 97 32 108 -30 109 105 110 97 32 -23 116 110 105 99 97 46 32 40 66 101 116 111 32 70 117 114 113 117 105 109 41 
NAO
65 100 105 97 115 32 97 -23 114 101 97 32 115 97 -19 100 97 46 32 40 66 101 116 111 32 70 117 114 113 117 105 109 41 
NAO
65 109 101 32 97 32 101 109 97 46 
NAO
65 109 97 114 32 68 111 110 97 116 111 32 105 100 105 111 116 97 32 110 111 32 100 114 97 109 97 46 32 40 76 97 117 114 97 32 79 108 105 118 101 105 114 97 41 
NAO
65 109 111 114 32 109 101 32 97 -25 111 100 97 44 32 101 32 97 118 105 118 97 44 32 101 32 97 100 111 -25 97 32 101 109 32 82 111 109 97 46 32 40 66 101 116 111 32 70 117 114 113 117 105 109 41 
NAO
65 109 111 114 44 32 109 101 32 97 109 97 32 101 109 32 82 111 109 97 63 
NAO
65 110 100 101 44 32 69 100 110 97 46 
NAO
65 110 116 101 32 65 116 108 97 115 44 32 79 116 111 32 115 97 108 116 97 32 69 116 110 97 
NAO
65 112 -13 115 32 97 32 115 111 112 97 46 
NAO
65 114 114 101 33 32 83 101 109 32 111 32 101 114 114 101 44 32 111 32 109 -22 115 32 101 114 114 97 46 32 40 66 101 116 111 32 70 117 114 113 117 105 109 41 
NAO
65 114 102 97 115 32 97 32 97 114 97 114 32 115 111 108 111 115 59 32 114 97 114 97 44 32 97 32 115 97 102 114 97 46 32 40 66 101 116 111 32 70 117 114 113 117 105 109 41 
NAO
65 115 115 97 109 32 97 32 109 97 115 115 97 46 
NAO
65 115 115 105 109 32 97 32 97 108 117 110 97 32 97 110 117 108 97 32 97 32 109 105 115 115 97 46 
NAO
65 116 108 97 115 44 32 111 109 105 115 115 -19 115 115 105 109 111 44 32 115 97 108 116 97 32 40 66 101 116 111 32 70 117 114 113 117 105 109 41 
NAO
69 32 97 115 115 105 109 32 97 32 109 105 115 115 97 32 -23 46 
NAO
65 105 44 -23 32 108 101 103 97 108 32 97 32 103 101 108 101 105 97 
NAO
69 109 97 44 32 115 -13 32 97 112 -13 115 32 109 101 114 101 99 101 114 101 109 32 115 111 112 97 32 111 115 32 97 109 101 46 32 40 66 101 116 111 32 70 117 114 113 117 105 109 41 
NAO
69 117 44 32 117 -23 33 
NAO
69 117 32 97 99 117 111 32 76 97 117 114 97 32 110 97 32 99 105 114 105 114 105 99 97 32 110 97 32 114 117 97 32 108 111 117 99 97 44 32 117 -23 32 40 76 97 117 114 97 32 79 108 105 118 101 105 114 97 41 
NAO
69 118 97 44 32 97 115 115 101 32 101 115 115 97 32 97 118 101 46 
NAO
76 105 103 97 58 32 115 101 32 115 111 98 101 115 32 115 101 98 111 115 44 32 -23 115 32 -31 103 105 108 46 32 40 66 101 116 111 32 70 117 114 113 117 105 109 41 
NAO
77 97 116 101 109 32 101 32 109 101 116 97 109 46 32 40 69 117 99 108 105 100 101 115 32 74 111 115 -23 32 77 97 99 105 101 108 32 77 97 114 113 117 101 115 41 
NAO
77 97 117 115 32 109 97 116 117 116 97 109 44 32 115 117 97 109 46 32 40 66 101 116 111 32 70 117 114 113 117 105 109 41 
NAO
77 111 114 114 97 109 32 97 112 -13 115 32 97 32 115 111 112 97 32 109 97 114 114 111 109 46 
NAO
79 109 105 116 105 114 97 109 32 114 97 100 97 114 32 109 97 114 -19 116 105 109 111 46 
NAO
79 109 105 116 105 114 97 109 32 114 97 100 97 114 32 109 97 114 -19 116 105 109 111 46 
NAO
79 109 105 116 105 114 97 109 32 114 97 100 97 114 32 109 97 114 -19 116 105 109 111 46 
NAO
79 109 105 116 111 32 111 115 115 111 32 -13 116 105 109 111 46 
NAO
79 114 97 114 32 -23 32 101 109 32 109 105 115 115 97 63 32 65 115 115 105 109 32 109 101 32 -23 32 114 97 114 111 33 32 40 77 97 116 101 117 115 32 83 46 32 84 104 105 109 -13 116 101 111 41 
NAO
79 114 97 115 32 101 32 115 97 114 111 46 32 40 71 117 105 108 104 101 114 109 101 32 80 101 100 114 111 115 111 41 
NAO
79 115 32 77 97 105 97 115 32 115 97 -19 97 109 32 115 -13 46 32 40 84 117 108 105 111 41 
NAO
82 97 117 108 32 101 32 -51 114 105 115 58 32 97 112 -13 115 32 115 111 112 97 112 111 115 44 32 115 111 112 97 44 32 115 105 114 105 32 101 32 108 117 97 114 46 32 40 66 101 116 111 32 70 117 114 113 117 105 109 41 
NAO
82 111 109 97 32 -23 32 97 109 111 114 46 
NAO
83 97 108 116 97 32 111 32 65 116 108 97 115 46 
NAO
83 111 109 97 114 32 109 101 32 101 109 32 82 97 109 111 115 46 32 40 67 101 108 105 97 32 76 46 32 82 105 98 101 105 114 111 41 
NAO
82 111 109 97 32 109 101 32 116 101 109 32 97 109 111 114 46 
NAO
65 117 108 97 32 110 97 32 114 117 97 32 -23 32 97 117 114 97 32 110 97 32 108 117 97 32 40 76 97 117 114 97 32 79 108 105 118 101 105 114 97 41 
NAO
65 32 100 105 118 97 32 100 97 32 100 -19 118 105 100 97 32 100 97 32 118 105 100 97 46 32 40 76 97 117 114 97 32 79 108 105 118 101 105 114 97 41 
NAO
83 111 99 111 114 114 97 109 32 77 97 114 114 111 99 111 115 46 
NAO
83 111 109 111 115 32 115 101 114 101 115 44 32 115 111 109 111 115 63 33 63 33 32 83 101 114 101 115 32 115 111 109 111 115 32 33 63 33 63 32 40 80 97 117 108 111 32 67 101 122 97 114 32 65 110 116 117 110 101 115 32 74 117 110 105 111 114 41 
NAO
83 79 83 58 32 115 111 109 111 115 32 115 -13 115 
NAO
90 101 100 32 108 111 116 97 32 111 32 97 116 111 108 32 100 101 122 32 40 72 101 109 101 116 101 114 105 111 41 
NAO
83 111 112 97 115 32 115 117 97 109 44 32 101 32 83 111 108 97 114 47 83 111 109 97 114 32 115 111 97 32 97 110 105 109 97 108 32 109 97 114 -19 116 105 109 111 59 32 108 105 118 114 101 115 32 97 114 101 115 32 97 110 117 108 97 32 97 99 105 110 116 101 44 32 -32 32 114 101 118 105 118 101 114 44 32 97 32 -23 116 110 105 99 97 32 97 108 117 110 97 32 115 101 114 -31 32 115 101 114 118 105 108 63 32 79 109 105 116 105 114 97 109 32 108 -30 109 105 110 97 32 97 111 115 32 114 97 109 111 115 32 114 97 108 111 115 32 101 32 109 97 117 115 32 115 97 112 111 115 32 40 71 105 117 108 105 97 110 111 32 70 114 97 116 105 110 41 
NAO
83 -13 115 44 110 111 115 115 111 115 32 112 97 108 101 114 109 97 115 32 115 97 112 111 115 32 115 -13 32 112 97 115 115 97 109 32 114 101 108 97 112 115 111 115 44 115 111 110 115 111 115 33 
NAO
-45 116 111 32 99 111 109 101 32 100 111 99 101 32 115 101 99 111 32 100 101 32 109 111 99 111 116 -13 
NAO
83 117 98 105 32 110 111 32 -12 110 105 98 117 115 
NAO
65 32 98 97 115 101 32 100 111 32 116 101 116 111 32 100 101 115 97 98 97 46 32 40 82 -12 109 117 108 111 32 77 97 114 105 110 104 111 41 
NAO
65 32 100 105 118 97 32 -31 118 105 100 97 44 32 100 -31 100 105 118 97 32 -32 32 118 105 100 97 32 40 82 111 103 -23 114 105 111 32 68 117 97 114 116 101 32 70 105 108 104 111 41 
NAO
65 104 44 32 108 105 118 114 101 32 101 114 97 32 112 97 112 97 105 32 110 111 101 108 44 32 108 101 111 110 32 105 97 32 112 97 112 97 114 32 -23 32 101 114 118 105 108 104 97 46 32 40 82 111 103 -23 114 105 111 32 68 117 97 114 116 101 32 70 105 108 104 111 41 
NAO
65 32 99 97 114 97 32 114 97 106 97 100 97 32 100 97 32 106 97 114 97 114 97 99 97 46 32 40 77 97 110 117 32 76 97 102 101 114 41 
NAO
65 99 97 116 97 32 111 32 100 97 110 97 100 111 46 46 46 32 101 32 111 32 100 97 110 97 100 111 32 97 116 97 99 97 33 
NAO
65 99 117 100 97 32 99 97 100 101 108 97 32 100 97 32 76 101 100 97 32 99 97 100 117 99 97 32 40 82 -12 109 117 108 111 32 77 97 114 105 110 104 111 41 
NAO
65 32 100 97 109 97 32 97 100 109 105 114 111 117 32 111 32 114 105 109 32 100 97 32 97 109 97 100 97 46 
NAO
65 32 68 97 110 105 101 108 97 32 97 109 97 32 97 32 108 101 105 63 32 78 97 100 97 33 32 40 77 97 114 99 101 108 111 32 67 111 105 109 98 114 97 32 70 117 114 116 97 100 111 41 
NAO
65 100 105 97 115 32 97 32 100 97 116 97 32 100 97 32 115 97 -19 100 97 46 32 40 77 97 114 99 101 108 111 32 67 111 105 109 98 114 97 32 70 117 114 116 97 100 111 41 
NAO
65 100 -29 111 44 32 84 101 106 111 32 104 101 114 101 106 101 44 32 103 101 114 101 32 104 111 106 101 32 116 111 97 100 97 46 32 40 112 105 110 116 97 100 111 32 110 117 109 32 109 117 114 111 32 100 97 32 85 70 82 74 41 
NAO
79 109 105 116 105 114 97 109 32 111 32 110 111 98 114 101 32 118 101 114 98 111 32 110 111 32 109 97 114 -19 116 105 109 111 32 40 83 97 110 32 84 105 97 103 111 32 67 97 114 97 -19 118 97 41 
NAO
65 32 100 114 111 103 97 32 100 111 32 100 111 116 101 32 -23 32 116 111 100 111 32 100 97 32 103 111 114 100 97 46 32 40 82 -12 109 117 108 111 32 77 97 114 105 110 104 111 41 
NAO
65 32 100 105 118 97 32 101 109 32 65 114 103 101 108 32 97 108 101 103 114 97 45 109 101 32 97 32 118 105 100 97 46 32 40 82 -12 109 117 108 111 32 77 97 114 105 110 104 111 41 
NAO
65 32 103 114 97 109 97 32 -23 32 97 109 97 114 103 97 46 32 40 77 105 108 108 111 114 32 70 101 114 110 97 110 100 101 115 41 
NAO
65 104 44 32 67 97 101 116 97 110 111 44 32 101 32 76 101 111 110 97 32 116 101 32 97 99 104 97 63 32 40 69 100 101 114 115 111 110 32 68 97 110 116 97 115 41 
NAO
65 105 44 32 69 100 46 46 46 32 79 32 79 116 111 32 111 100 101 105 97 33 32 40 69 100 101 114 115 111 110 32 68 97 110 116 97 115 41 
NAO
65 105 44 32 82 97 118 101 108 44 32 97 114 97 100 111 115 44 32 115 101 114 114 111 116 101 115 32 101 32 116 111 114 114 101 115 44 32 115 -13 32 68 97 114 97 32 108 101 118 97 114 105 97 46 32 69 108 97 32 102 111 105 45 115 101 -108 32 40 77 97 114 99 101 108 111 32 67 111 105 109 98 114 97 32 70 117 114 116 97 100 111 41 
NAO
65 32 105 114 97 32 99 97 118 97 32 110 97 32 118 97 99 97 114 105 97 46 40 71 108 -23 116 115 111 110 32 65 103 117 105 97 114 32 77 97 114 116 105 110 115 41 
NAO
65 109 97 100 97 32 100 97 109 97 32 40 74 101 100 101 114 115 111 110 32 76 46 32 82 105 98 101 105 114 111 41 
NAO
65 32 109 97 108 97 32 110 97 100 97 32 110 97 32 108 97 109 97 46 32 40 77 105 108 108 -12 114 32 70 101 114 110 97 110 100 101 115 41 
NAO
65 32 108 117 97 32 112 97 110 97 109 101 110 104 97 32 97 103 105 116 97 44 32 102 97 116 105 103 97 46 32 65 104 33 32 78 101 109 32 65 110 97 32 80 97 117 108 97 46 46 46 40 78 111 103 117 101 114 111 108 41 
NAO
65 109 97 100 97 32 114 97 112 97 114 105 103 97 32 97 103 105 114 97 32 112 97 114 97 32 100 97 109 97 46 
NAO
65 109 97 114 101 108 111 32 99 97 100 97 118 101 114 32 116 -31 59 32 -23 32 97 32 116 114 101 118 97 32 100 97 32 99 -13 108 101 114 97 32 109 -31 46 32 40 77 97 110 117 32 76 97 102 101 114 41 
NAO
65 109 97 114 103 97 32 -23 32 97 32 109 97 99 97 32 45 32 116 105 114 97 45 97 44 32 82 105 116 97 33 32 67 97 109 97 32 -23 32 97 32 103 114 97 109 97 46 46 46 32 40 77 97 114 99 111 115 32 67 104 114 105 115 112 105 109 41 
NAO
65 109 97 114 103 97 45 109 101 32 97 32 100 114 111 103 97 44 32 97 32 103 111 114 100 97 32 -23 32 109 97 103 114 97 32 109 -31 46 32 40 82 111 103 -23 114 105 111 32 68 117 97 114 116 101 32 70 105 108 104 111 41 
NAO
65 109 101 32 111 32 112 111 101 109 97 46 
NAO
65 32 109 105 115 115 32 -23 32 112 -23 115 115 105 109 97 33 
NAO
65 109 111 114 97 32 109 101 32 116 101 109 32 97 114 111 109 97 46 
NAO
65 109 111 114 32 -23 32 100 101 32 82 111 109 97 46 32 40 73 117 97 110 32 77 101 108 111 32 77 101 105 114 101 108 108 101 115 41 
NAO
65 110 97 44 32 99 97 115 101 44 32 101 115 115 101 32 -23 32 115 97 99 97 110 97 46 
NAO
65 110 97 32 40 101 32 68 97 114 105 41 32 105 114 -31 32 114 101 108 101 114 32 65 114 105 59 32 105 114 97 32 100 101 32 65 110 97 46 32 40 70 105 108 105 112 101 32 80 114 97 116 101 115 41 
NAO
65 110 97 32 108 97 118 97 32 76 97 110 97 46 
NAO
65 110 97 108 105 32 97 109 97 100 97 32 100 97 109 97 32 105 108 97 110 97 46 32 40 65 100 97 32 74 -23 115 115 105 99 97 32 100 97 32 83 105 108 118 97 41 
NAO
65 110 97 32 109 101 32 114 111 108 97 44 32 99 97 108 111 114 32 101 109 97 110 97 46 46 46 
NAO
65 110 100 101 32 108 111 103 111 44 32 101 108 97 32 118 97 108 101 32 111 32 103 111 108 44 32 69 100 110 97 33 32 40 77 97 114 99 101 108 111 32 67 111 105 109 98 114 97 32 70 117 114 116 97 100 111 41 
NAO
65 110 111 116 97 114 97 109 32 97 32 100 97 116 97 32 100 97 32 109 97 114 97 116 111 110 97 46 
NAO
65 32 112 97 116 101 116 97 32 97 109 97 32 97 116 -23 32 116 97 112 97 46 46 46 
NAO
65 32 112 111 114 116 97 32 114 97 110 103 105 97 32 -32 32 105 103 110 97 114 97 32 116 114 111 112 97 46 
NAO
65 32 114 97 114 97 32 97 114 97 114 97 46 
NAO
65 114 97 114 -31 115 46 32 65 32 99 117 99 97 32 114 111 100 97 46 32 65 116 97 32 -23 32 98 111 109 32 115 101 109 101 97 114 46 32 65 115 115 101 109 45 97 32 115 101 109 32 111 118 111 44 32 109 -22 115 32 97 32 109 -22 115 44 32 115 97 114 97 46 32 69 32 109 101 115 109 111 32 98 101 97 116 97 44 32 97 32 100 111 114 44 32 97 32 99 117 99 97 32 115 97 114 97 114 -31 46 32 40 65 108 109 105 32 67 97 114 100 111 115 111 32 100 97 32 83 105 108 118 97 41 
NAO
65 32 82 105 116 97 44 32 115 111 98 114 101 32 118 111 118 -12 44 32 118 101 114 98 111 115 32 97 116 105 114 97 46 32 40 82 -12 109 117 108 111 32 77 97 114 105 110 104 111 41 
NAO
65 114 114 111 122 32 -23 32 97 32 109 97 116 97 44 32 109 -29 101 32 122 111 114 114 97 33 32 40 72 101 114 98 101 114 116 32 83 97 97 118 101 100 114 97 41 
NAO
65 32 115 97 99 97 100 97 32 100 97 32 99 97 115 97 46 
NAO
65 32 115 101 109 97 110 97 32 116 111 100 97 32 108 101 109 111 115 58 32 115 -13 32 109 101 108 97 100 111 32 116 -31 32 110 97 32 109 101 115 97 46 32 40 77 97 114 99 101 108 111 32 67 111 105 109 98 114 97 32 70 117 114 116 97 100 111 41 
NAO
65 112 -13 115 32 97 32 110 101 103 114 97 32 102 97 108 97 114 -31 115 58 32 83 97 114 97 32 76 97 102 97 114 103 101 32 110 97 32 83 111 112 97 33 32 40 69 117 99 108 105 100 101 115 32 74 111 115 -23 32 77 97 99 105 101 108 32 77 97 114 113 117 101 115 41 
NAO
65 115 115 105 109 44 32 97 32 115 111 112 97 32 115 -13 32 109 101 114 101 99 101 114 101 109 111 115 32 97 112 -13 115 32 97 32 109 105 115 115 97 46 
NAO
65 115 115 105 109 32 97 32 97 105 97 32 105 97 32 -32 32 109 105 115 115 97 46 32 40 77 105 108 108 111 114 32 70 101 114 110 97 110 100 101 115 41 
NAO
65 115 115 105 109 32 97 32 100 105 118 97 32 65 110 97 32 82 105 116 97 44 32 101 109 32 82 111 109 97 44 32 97 109 111 114 32 109 101 32 97 116 105 114 97 44 32 110 97 32 -31 118 105 100 97 32 109 105 115 115 97 46 
NAO
65 116 -23 32 82 101 97 103 97 110 32 115 105 98 97 114 105 116 97 32 116 105 114 97 32 98 105 115 110 97 103 97 32 101 114 101 116 97 46 32 40 67 104 105 99 111 32 66 117 97 114 113 117 101 41 
NAO
65 116 111 32 105 100 105 111 116 97 46 
NAO
65 116 111 114 32 65 114 97 110 32 97 100 105 97 44 32 118 97 105 32 100 97 110 97 114 32 97 32 114 111 116 97 32 40 74 101 100 101 114 115 111 110 32 76 46 32 82 105 98 101 105 114 111 41 
NAO
65 32 116 111 114 114 101 32 100 97 32 100 101 114 114 111 116 97 46 
NAO
65 32 116 111 114 114 101 32 100 97 32 100 101 114 114 111 116 97 46 
NAO
65 117 -22 32 115 -13 32 110 111 115 32 69 85 65 33 32 40 72 101 109 101 116 101 114 105 111 41 
NAO
65 118 101 32 118 101 108 111 122 32 111 32 108 101 118 101 46 32 86 -31 33 
NAO
65 32 118 105 100 97 32 -23 32 97 32 100 105 118 97 33 
NAO
66 111 108 97 32 100 101 32 116 -22 110 105 115 44 32 115 105 110 101 116 101 32 100 97 32 76 79 66 46 32 40 66 114 117 110 111 32 80 114 97 116 101 115 41 32 91 76 79 66 32 -23 32 117 109 97 32 97 99 97 100 101 109 105 97 32 100 101 32 116 -22 110 105 115 32 110 111 32 82 105 111 32 100 101 32 74 97 110 101 105 114 111 93 
NAO
69 32 65 109 97 114 111 63 32 70 97 122 32 97 32 112 97 122 32 97 102 111 114 97 44 32 109 -29 101 46 32 40 66 114 117 110 111 32 80 114 97 116 101 115 41 
NAO
-55 32 97 32 109 97 116 101 105 114 97 32 77 97 114 105 101 116 97 32 109 -29 101 63 
NAO
69 32 97 116 -23 32 111 32 80 97 112 97 32 112 111 101 116 97 32 -23 46 -108 32 40 82 -12 109 117 108 111 32 77 97 114 105 110 104 111 41 
NAO
-55 32 97 32 118 111 115 115 97 32 109 101 116 97 32 109 111 114 58 32 97 109 97 114 103 97 44 32 108 101 116 97 108 44 32 97 109 -31 118 101 108 46 32 76 -31 32 101 108 101 32 109 117 114 109 117 114 111 117 32 113 117 101 32 116 111 100 111 32 97 109 111 114 32 101 117 32 113 117 101 114 111 46 32 77 -29 111 32 100 111 32 116 101 117 32 113 117 111 114 117 109 46 32 82 117 109 32 -23 32 108 101 97 108 46 32 76 101 118 97 32 109 97 108 97 44 32 116 101 108 97 44 32 103 114 97 109 97 46 46 46 32 82 111 109 97 44 32 116 101 109 97 115 44 32 115 111 118 97 32 -23 33 32 40 72 101 114 98 101 114 116 32 83 97 97 118 101 100 114 97 41 
NAO
69 32 100 101 112 105 108 101 32 110 97 32 108 -30 109 105 110 97 32 111 32 114 97 114 111 32 97 110 105 109 97 108 32 97 110 101 108 -19 112 101 100 101 46 32 40 71 101 108 115 111 110 41 
NAO
69 32 76 101 100 97 44 32 115 97 99 97 110 97 44 32 105 97 32 110 97 32 99 97 115 97 32 100 101 108 101 46 32 40 77 97 114 99 101 108 111 32 67 111 105 109 98 114 97 32 70 117 114 116 97 100 111 41 
NAO
69 109 32 114 111 100 97 44 32 116 114 111 112 97 44 32 97 112 -13 115 32 97 32 115 111 112 97 44 32 -32 32 112 111 114 116 97 32 100 111 114 109 101 46 -108 32 40 82 -12 109 117 108 111 32 77 97 114 105 110 104 111 41 
NAO
69 32 100 -31 32 100 105 99 97 44 32 100 111 110 97 32 73 115 115 97 44 32 99 111 109 32 97 109 105 103 111 115 58 32 -109 65 109 111 45 116 101 33 -108 32 69 32 116 111 109 97 32 115 -13 32 71 105 109 46 65 109 111 32 67 97 115 115 105 97 110 111 32 100 97 32 99 105 100 97 100 101 33 -108 32 40 69 115 116 -22 118 -29 111 32 81 117 101 105 114 111 103 97 41 
NAO
69 108 101 32 112 97 100 101 99 101 32 100 97 32 112 101 108 101 32 32 40 65 110 97 32 74 117 108 105 97 32 76 105 99 105 111 41 46 
NAO
45 32 69 32 110 111 116 97 32 76 101 100 97 63 32 -63 118 105 100 97 44 32 100 -31 32 114 101 109 -23 100 105 111 46 32 68 111 115 101 32 112 111 114 32 100 111 115 101 32 100 105 118 105 100 101 46 32 68 105 118 105 100 101 32 115 -13 44 32 68 114 46 32 79 32 112 -23 32 115 -13 32 100 -13 105 46 32 68 101 32 109 101 114 97 32 100 -31 100 105 118 97 32 97 32 100 101 108 97 116 111 44 32 110 -23 63 32 40 69 115 116 -22 118 -29 111 32 81 117 101 105 114 111 103 97 41 
NAO
69 115 115 101 32 115 97 105 46 32 79 112 97 33 32 69 32 109 101 32 97 112 -13 105 97 115 32 101 115 115 101 33 32 40 69 100 101 114 115 111 110 32 68 97 110 116 97 115 41 
NAO
-55 115 32 115 97 112 111 63 32 80 97 115 115 101 46 
NAO
69 118 97 44 32 97 115 115 101 32 101 32 112 97 112 101 32 101 115 115 97 32 97 118 101 46 
NAO
69 32 116 111 109 97 44 32 108 101 118 97 44 32 114 111 100 97 32 97 32 109 105 115 115 97 46 32 82 101 122 97 32 102 97 114 -31 32 112 114 97 122 101 114 46 46 46 32 101 32 108 97 118 101 45 109 101 44 32 -13 116 105 109 111 32 -23 32 111 32 100 101 109 111 44 32 101 118 105 116 101 32 111 32 97 122 97 114 44 32 101 118 105 116 101 45 115 101 32 101 115 115 101 32 109 -22 115 46 32 65 99 111 114 100 101 32 112 101 100 114 111 99 97 32 115 101 109 32 101 115 115 101 32 40 101 32 115 101 32 116 105 118 101 32 114 97 122 -29 111 44 32 101 32 116 105 118 101 41 32 111 32 109 101 100 111 32 -23 32 111 32 109 105 116 111 32 101 32 109 101 32 118 97 108 101 32 114 101 122 97 114 32 112 97 114 97 32 102 97 122 101 114 32 97 115 115 105 109 46 32 -64 32 65 100 111 114 -31 118 101 108 44 32 97 109 111 45 116 101 46 32 40 82 111 103 -23 114 105 111 32 68 117 97 114 116 101 32 70 105 108 104 111 41 
NAO
-109 -55 32 118 111 108 105 116 97 114 32 116 101 114 32 97 32 97 118 101 46 46 46 32 76 105 99 111 32 100 111 109 105 110 97 32 101 32 108 -22 46 32 -63 116 105 99 97 44 32 65 110 97 32 77 111 114 97 108 101 44 32 97 32 116 105 44 32 80 97 111 108 111 44 32 116 111 100 97 118 105 97 44 32 114 101 108 -22 46 32 65 115 115 105 110 97 100 97 44 32 101 108 97 32 102 97 108 97 58 32 -111 -106 32 83 97 105 44 32 99 97 108 97 44 32 102 111 103 101 44 32 114 101 116 114 97 116 97 44 32 118 -31 44 32 -13 32 83 97 116 105 109 33 32 40 114 101 112 101 116 101 109 32 111 32 110 111 115 115 111 32 110 111 109 101 41 46 32 84 101 32 112 101 114 109 105 116 97 115 32 111 32 97 118 97 116 97 114 32 116 101 114 32 101 103 111 46 32 70 97 108 -31 99 105 97 115 44 32 65 108 -31 44 32 102 97 108 101 32 -32 32 68 97 110 105 115 115 97 33 -110 32 69 108 101 44 32 114 97 105 118 97 32 100 111 32 116 111 108 111 44 32 97 112 105 116 97 46 46 46 32 69 108 97 44 32 114 111 109 97 110 97 44 32 97 32 99 105 116 97 46 32 69 108 101 44 32 -30 110 105 109 111 32 100 -13 99 105 108 46 46 46 32 69 118 97 44 32 97 32 114 101 116 114 -31 116 105 108 44 32 111 32 118 -22 33 -108 32 40 72 101 114 98 101 114 116 32 83 97 97 118 101 100 114 97 41 
NAO
73 97 115 32 101 109 32 109 105 115 115 97 63 32 76 111 103 111 32 111 32 103 111 108 32 97 115 115 105 109 32 109 101 32 115 97 105 46 46 46 32 40 77 97 114 99 111 115 32 67 104 114 105 115 112 105 109 41 
NAO
76 97 -25 111 32 98 97 99 97 110 97 32 112 97 114 97 32 112 97 110 97 99 97 32 98 111 -25 97 108 46 32 40 82 -12 109 117 108 111 32 77 97 114 105 110 104 111 41 
NAO
76 -31 32 82 101 110 -22 32 103 111 114 97 118 97 32 111 32 97 118 97 114 111 32 103 101 110 101 114 97 108 46 32 40 69 100 117 97 114 100 111 32 86 105 100 105 108 105 41 
NAO
76 -31 32 116 -31 32 110 111 32 110 111 118 111 59 32 101 32 115 101 109 32 111 32 99 97 108 105 102 97 32 110 97 32 102 105 108 97 32 99 111 109 101 45 115 101 32 111 118 111 32 110 111 32 78 97 116 97 108 46 32 40 65 110 116 111 110 105 111 32 80 114 97 116 101 115 41 
NAO
76 -31 32 118 111 117 32 101 117 32 101 109 32 109 101 117 32 101 117 32 111 118 97 108 46 32 40 77 97 114 105 110 97 32 87 105 115 110 105 107 41 
NAO
65 109 97 100 97 32 100 97 116 97 44 32 99 101 114 97 32 -23 32 116 101 114 32 114 -23 32 100 97 32 118 101 108 97 58 32 108 101 118 97 44 32 100 101 114 114 101 116 101 32 97 32 114 101 99 97 116 97 100 97 32 100 97 109 97 46 32 40 77 97 110 117 32 76 97 102 101 114 41 
NAO
76 105 118 114 101 32 100 111 32 112 111 100 101 114 32 118 105 108 32 40 82 111 103 -23 114 105 111 32 68 117 97 114 116 101 32 70 105 108 104 111 41 
NAO
76 105 118 114 111 115 32 45 32 115 101 32 102 111 114 32 112 97 103 97 114 44 32 116 114 97 103 97 32 112 114 111 102 101 115 115 111 114 32 118 105 108 46 32 40 76 97 101 114 116 101 32 67 111 117 116 105 110 104 111 41 
NAO
76 117 122 97 32 82 111 99 101 108 105 110 97 44 32 97 32 110 97 109 111 114 97 100 97 32 100 111 32 77 97 110 117 101 108 44 32 108 101 117 32 110 97 32 39 77 111 100 97 32 100 97 32 82 111 109 97 110 97 39 58 32 39 65 110 105 108 32 -23 32 99 111 114 32 97 122 117 108 46 39 32 40 66 111 99 97 103 101 63 41 
NAO
76 117 122 32 97 122 117 108 
NAO
77 97 114 32 101 32 110 -6 109 101 114 111 32 114 101 109 117 110 101 114 97 109 32 40 83 97 110 32 84 105 97 103 111 32 67 97 114 97 -19 118 97 41 
NAO
77 97 114 105 97 44 32 83 101 108 101 110 97 32 101 32 65 110 101 108 101 32 115 97 -19 114 97 109 32 40 69 117 99 108 105 100 101 115 32 74 111 115 -23 32 77 97 99 105 101 108 32 77 97 114 113 117 101 115 41 
NAO
77 97 114 105 44 32 82 111 115 101 44 32 65 114 105 32 101 32 69 100 32 97 100 105 97 118 97 109 44 32 115 101 109 32 97 32 109 101 115 109 97 32 118 97 105 100 97 100 101 32 101 32 105 114 97 44 32 101 32 115 -13 32 114 105 114 97 109 46 40 84 -6 108 105 111 32 70 46 84 46 100 101 32 83 111 117 115 97 41 
NAO
77 97 114 117 106 111 115 32 115 -13 32 106 117 114 97 109 
NAO
77 101 32 118 -22 32 115 101 32 97 32 112 97 110 101 108 97 32 100 97 32 109 111 -25 97 32 -23 32 100 101 32 97 -25 111 44 32 77 97 100 97 108 101 110 97 32 80 97 101 115 44 32 101 32 118 101 109 46 -108 
NAO
77 105 115 115 97 46 32 65 32 97 116 97 109 32 110 97 32 108 117 122 46 32 65 108 -31 32 102 97 108 97 58 32 70 -31 45 108 97 44 32 90 117 108 97 110 44 32 109 97 116 97 45 97 44 32 97 115 115 105 109 33 32 40 72 101 114 98 101 114 116 32 83 97 97 118 101 100 114 97 41 
NAO
77 111 -25 97 32 109 111 114 100 101 32 80 -23 103 97 115 117 115 32 101 32 74 101 115 117 115 63 32 65 103 101 44 32 80 101 100 114 111 32 109 97 -25 111 109 33 32 40 69 100 117 97 114 100 111 32 86 105 100 105 108 105 41 
NAO
77 111 100 111 58 32 115 111 109 32 116 105 114 97 109 111 115 44 32 115 111 109 97 109 111 115 32 115 111 109 32 97 32 114 105 116 109 111 115 58 32 111 32 100 111 109 46 -108 32 40 82 -12 109 117 108 111 32 77 97 114 105 110 104 111 41 
NAO
77 111 114 114 97 44 32 109 97 116 97 32 109 97 114 114 111 109 33 32 40 76 97 114 105 115 115 97 32 66 111 110 116 101 109 112 105 41 
NAO
79 32 99 97 115 111 32 100 97 32 100 114 111 103 97 32 100 97 32 103 111 114 100 97 32 100 111 32 115 97 99 111 46 
NAO
79 32 99 -23 117 32 115 117 101 99 111 46 
NAO
79 32 67 105 100 32 -23 32 109 -23 100 105 99 111 46 
NAO
-45 100 105 111 32 100 111 32 100 111 105 100 111 33 
NAO
79 32 71 97 108 46 32 76 101 110 111 32 82 111 99 97 44 32 -32 32 112 111 114 116 97 32 100 97 32 99 105 100 97 100 101 44 32 97 32 112 111 114 116 97 100 111 114 32 114 101 108 97 116 97 32 102 97 116 97 108 32 101 114 114 111 32 100 97 32 116 114 111 112 97 32 101 32 100 -31 32 100 105 99 97 32 100 97 32 116 114 111 112 97 32 97 32 67 111 114 111 110 101 108 32 76 97 103 111 46 32 40 82 -12 109 117 108 111 32 77 97 114 105 110 104 111 41 
NAO
79 32 103 97 108 111 32 110 97 100 97 32 110 111 32 108 97 103 111 46 32 40 83 101 114 103 105 111 32 65 108 98 101 114 116 111 32 83 99 104 110 101 105 100 101 114 41 
NAO
79 32 73 118 97 110 32 97 32 97 109 97 32 -32 32 110 97 118 105 111 46 46 46 32 40 73 118 97 110 32 83 111 117 122 97 32 100 101 32 65 110 100 114 97 100 101 41 
NAO
79 105 44 32 114 97 116 111 32 111 116 -31 114 105 111 46 
NAO
79 105 44 86 97 108 33 32 70 101 122 32 111 32 111 118 111 32 100 111 32 118 -12 44 32 111 32 90 -23 32 70 108 -31 118 105 111 63 32 40 70 108 -31 118 105 111 32 66 117 101 110 111 32 77 97 114 99 111 110 100 101 115 32 79 108 105 118 101 105 114 97 41 
NAO
79 108 -31 32 86 97 108 111 114 44 32 101 117 32 113 117 101 114 111 32 108 97 118 -31 45 108 111 32 40 82 111 103 -23 114 105 111 32 68 117 97 114 116 101 32 70 105 108 104 111 41 
NAO
79 104 32 110 111 115 115 97 115 32 108 117 118 97 115 32 97 118 117 108 115 97 115 44 32 115 111 110 104 111 46 46 46 32 40 82 111 103 -23 114 105 111 32 68 117 97 114 116 101 32 70 105 108 104 111 41 
NAO
79 32 108 111 98 111 32 97 109 97 32 111 32 98 111 108 111 46 
NAO
79 32 109 105 116 111 32 -23 32 -13 116 105 109 111 46 
NAO
-44 32 103 101 108 97 32 103 101 109 97 44 32 97 109 101 32 103 97 108 101 103 111 33 40 71 108 -23 116 115 111 110 32 65 103 117 105 97 114 32 77 97 114 116 105 110 115 41 
NAO
79 32 111 118 111 32 118 111 118 -12 32 33 33 32 86 111 -12 32 33 32 40 80 97 117 108 111 32 67 101 122 97 114 32 65 110 116 117 110 101 115 32 74 117 110 105 111 114 44 32 99 111 109 112 108 101 109 101 110 116 111 32 100 101 32 77 97 114 99 101 108 32 72 111 114 110 101 114 41 
NAO
79 32 112 -13 32 100 101 32 99 111 99 97 -19 110 97 32 109 97 116 97 32 109 97 110 -19 97 99 111 32 99 101 100 111 44 32 112 -12 33 
NAO
79 114 111 32 101 32 116 101 109 111 32 109 101 116 101 111 114 111 46 32 40 71 108 -23 116 115 111 110 32 65 103 117 105 97 114 32 77 97 114 116 105 110 115 41 
NAO
79 32 114 111 109 97 110 111 32 97 99 97 116 97 32 97 109 111 114 101 115 32 97 32 100 97 109 97 115 32 97 109 97 100 97 115 32 101 32 82 111 109 97 32 97 116 97 99 97 32 111 32 110 97 109 111 114 111 46 
NAO
79 32 116 101 117 32 100 114 97 109 97 32 -23 32 97 109 97 114 32 100 117 101 116 111 46 32 40 82 -12 109 117 108 111 32 77 97 114 105 110 104 111 41 
NAO
79 116 97 44 32 111 32 97 116 111 114 44 32 116 114 111 116 97 32 111 32 97 116 111 32 40 72 101 109 101 116 101 114 105 111 41 
NAO
-46 116 111 44 32 99 111 109 101 32 111 118 111 32 101 32 109 111 99 111 116 -13 32 40 72 101 117 109 101 115 109 111 41 
NAO
79 32 116 101 114 114 -19 118 101 108 32 -23 32 101 108 101 32 118 105 114 32 114 101 116 111 46 32 40 82 -12 109 117 108 111 32 77 97 114 105 110 104 111 41 
NAO
79 116 111 32 99 111 109 101 32 100 111 99 101 32 115 101 99 111 32 100 101 32 109 111 99 111 116 -13 46 32 40 82 -12 109 117 108 111 32 77 97 114 105 110 104 111 41 
NAO
79 32 116 114 101 99 111 32 99 101 114 116 111 46 
NAO
79 118 111 32 110 111 118 111 46 
NAO
79 32 118 111 111 32 100 111 32 111 118 111 46 
NAO
76 -22 58 116 97 112 97 44 114 97 115 111 44 115 97 114 97 112 97 116 101 108 33 40 71 108 -23 116 115 111 110 32 65 103 117 105 97 114 32 77 97 114 116 105 110 115 41 
NAO
83 -13 32 73 118 97 110 44 32 111 32 116 105 111 44 32 -23 32 100 111 110 111 32 100 101 32 111 105 116 111 32 110 97 118 105 111 115 46 32 40 65 110 116 -12 110 105 111 32 74 111 115 -23 32 100 101 32 67 97 114 118 97 108 104 111 41 
NAO
79 32 99 111 114 116 101 32 100 -13 105 44 32 100 -22 45 109 101 32 114 101 109 -23 100 105 111 32 100 101 32 116 114 111 99 111 46 32 40 65 110 116 -12 110 105 111 32 74 111 115 -23 32 100 101 32 67 97 114 118 97 108 104 111 41 
NAO
82 111 109 97 32 115 101 32 100 111 97 32 116 111 100 97 32 -32 32 105 114 97 44 32 77 97 114 105 97 44 32 97 100 111 116 97 32 111 32 100 101 115 97 109 111 114 46 32 40 65 110 116 -12 110 105 111 32 74 111 115 -23 32 100 101 32 67 97 114 118 97 108 104 111 32 41 
NAO
79 32 78 97 114 99 105 115 111 32 -23 32 108 105 118 114 101 44 32 115 101 114 118 105 108 32 -23 32 111 32 115 105 99 114 97 110 111 46 32 40 65 110 116 -12 110 105 111 32 74 111 115 -23 32 100 101 32 67 97 114 118 97 108 104 111 41 
NAO
79 32 109 105 116 111 32 -23 32 101 108 101 32 80 101 108 -23 44 32 101 32 -13 116 105 109 111 46 32 40 65 110 116 -12 110 105 111 32 74 111 115 -23 32 100 101 32 67 97 114 118 97 108 104 111 41 
NAO
78 111 115 32 100 -22 32 111 32 103 111 108 32 108 111 103 111 44 32 69 100 115 111 110 46 32 40 65 110 116 -12 110 105 111 32 74 111 115 -23 32 100 101 32 67 97 114 118 97 108 104 111 41 
NAO
83 97 108 116 97 114 32 111 32 109 101 116 101 111 114 111 32 -23 32 116 101 109 111 114 44 32 65 116 108 97 115 46 32 40 65 110 116 -12 110 105 111 32 74 111 115 -23 32 100 101 32 67 97 114 118 97 108 104 111 41 
NAO
82 97 111 110 105 44 32 116 97 108 32 112 115 105 99 111 115 101 46 46 46 32 112 101 115 111 32 99 105 115 112 108 97 116 105 110 111 44 32 65 82 46 32 40 112 105 110 116 97 100 111 32 110 117 109 32 109 117 114 111 32 100 97 32 85 70 82 74 41 
NAO
82 101 116 101 114 32 101 32 114 101 118 101 114 32 112 97 114 97 32 112 114 101 118 101 114 32 101 32 114 101 116 101 114 46 32 40 82 -12 109 117 108 111 32 77 97 114 105 110 104 111 41 
NAO
82 101 118 101 114 116 97 32 -23 32 118 101 114 98 111 44 32 79 32 118 105 118 111 32 98 114 101 118 101 32 -23 44 32 83 97 98 101 32 98 101 109 32 97 109 97 45 108 111 32 111 32 76 97 109 97 44 32 77 101 32 98 101 98 97 32 115 101 32 -23 32 118 101 114 98 111 32 118 105 118 111 44 32 79 32 98 114 101 118 101 32 97 116 114 101 118 101 114 46 32 40 82 111 103 -23 114 105 111 32 68 117 97 114 116 101 32 70 105 108 104 111 41 
NAO
82 101 122 97 114 32 112 114 111 32 80 101 100 114 111 32 40 109 111 114 100 101 32 112 111 114 32 112 114 97 122 101 114 41 46 32 40 66 114 117 110 111 32 80 114 97 116 101 115 41 
NAO
82 105 114 44 32 111 32 98 114 101 118 101 32 118 101 114 98 111 32 114 105 114 46 
NAO
82 111 100 97 32 101 115 115 101 32 99 111 114 112 111 44 32 112 114 111 99 101 115 115 101 32 97 32 100 111 114 33 
NAO
82 -12 33 32 83 111 110 111 32 100 111 32 99 117 98 97 110 111 32 78 97 98 117 99 111 100 111 110 111 115 111 114 46 40 71 108 -23 116 115 111 110 32 65 103 117 105 97 114 32 77 97 114 116 105 110 115 41 
NAO
82 111 109 97 32 109 101 32 116 101 109 32 97 109 111 114 46 
NAO
83 -31 32 100 -31 32 116 97 112 97 115 32 101 32 115 97 112 97 116 97 100 97 115 46 
NAO
83 97 -19 114 97 109 32 111 32 116 105 111 32 101 32 111 105 116 111 32 77 97 114 105 97 115 46 
NAO
83 101 99 111 32 100 101 32 114 97 105 118 97 44 32 99 111 108 111 99 111 32 110 111 32 99 111 108 111 32 99 97 118 105 97 114 32 101 32 100 111 99 101 115 46 32 40 82 -12 109 117 108 111 32 77 97 114 105 110 104 111 41 
NAO
83 101 109 32 111 32 100 111 116 101 44 32 -23 32 116 111 100 111 32 109 -22 115 46 
NAO
83 -13 32 99 111 109 32 111 32 116 105 111 32 115 111 109 -31 118 97 109 111 115 32 111 105 116 111 32 109 111 -25 111 115 46 32 40 82 -12 109 117 108 111 32 77 97 114 105 110 104 111 41 
NAO
83 111 97 32 99 111 109 111 32 99 97 111 115 
NAO
83 111 99 111 114 114 97 109 45 109 101 44 32 115 117 98 105 32 110 111 32 -12 110 105 98 117 115 32 101 109 32 77 97 114 114 111 99 111 115 33 
NAO
83 46 79 46 83 46 44 32 115 101 114 101 115 32 109 97 116 97 109 32 115 101 114 101 115 32 115 -13 115 33 32 40 80 97 117 108 111 32 67 101 122 97 114 32 65 110 116 117 110 101 115 32 74 117 110 105 111 114 41 
NAO
83 117 98 105 32 110 111 32 -12 110 105 98 117 115 46 
NAO
84 117 99 97 110 111 32 110 97 32 67 85 84 32 40 82 -12 109 117 108 111 32 77 97 114 105 110 104 111 41 
NAO
86 105 32 -54 109 117 108 111 32 118 101 116 97 114 32 97 116 -23 32 118 111 108 117 109 101 32 73 86 46 32 40 82 -12 109 117 108 111 32 77 97 114 105 110 104 111 41 
NAO
90 -23 32 100 101 32 76 105 109 97 44 32 114 117 97 32 76 97 117 114 97 44 32 109 105 108 32 101 32 100 101 122 46 
NAO
65 32 103 111 114 100 97 32 110 -29 111 32 118 111 97 32 110 97 32 100 114 111 103 97 33 32 40 76 117 105 122 32 80 101 100 114 111 41 
NAO
82 101 115 117 109 97 109 111 115 58 32 115 111 109 97 32 109 44 32 117 115 101 32 114 32 33 40 71 108 -23 116 115 111 110 32 65 103 117 105 97 114 32 77 97 114 116 105 110 115 41 
NAO
78 101 100 97 32 76 110 105 98 32 97 109 97 32 115 -13 32 79 115 97 109 97 32 66 105 110 32 76 97 100 101 110 46 40 71 108 -23 116 115 111 110 32 65 103 117 105 97 114 32 77 97 114 116 105 110 115 41 
NAO
83 -13 32 109 101 116 101 109 111 115 46 40 80 101 100 114 111 32 65 117 103 117 115 116 111 32 67 104 105 122 122 111 108 105 110 105 32 76 111 110 101 108 41 
NAO
85 114 117 98 117 114 101 116 97 109 97 32 97 109 97 32 84 101 114 117 98 117 114 117 46 32 40 71 108 -23 116 115 111 110 32 65 103 117 105 97 114 32 77 97 114 116 105 110 115 41 
NAO
65 109 111 32 76 97 32 80 97 108 111 109 97 32 40 71 105 117 108 105 97 110 111 32 70 114 97 116 105 110 41 
NAO
76 105 118 114 111 32 100 97 32 100 111 114 32 118 105 108 46 32 40 74 111 105 114 32 77 97 117 114 111 41 
NAO
65 114 97 114 97 32 115 -13 32 118 105 32 117 114 117 98 117 32 114 117 105 118 111 32 115 97 114 97 114 -31 33 32 40 83 -23 114 103 105 111 32 73 103 114 -23 115 41 
NAO
65 32 100 97 114 32 97 -25 -6 99 97 114 32 -23 32 115 101 114 32 97 -25 117 99 97 114 97 100 97 63 32 40 83 -23 114 103 105 111 32 73 103 114 -23 115 41 
NAO
65 32 118 -13 32 99 97 100 97 118 101 114 32 116 -31 32 110 97 32 116 114 101 118 97 32 100 97 32 99 111 118 97 33 32 40 83 -23 114 103 105 111 32 73 103 114 -23 115 41 
NAO
65 111 32 118 101 114 32 116 117 98 97 114 -29 111 32 110 111 32 97 114 32 97 98 117 116 114 101 32 118 111 97 46 32 40 83 -23 114 103 105 111 32 73 103 114 -23 115 41 
NAO
69 108 101 44 99 114 111 99 111 100 105 108 111 44 115 -13 108 105 100 111 32 99 111 114 99 101 108 32 -23 33 32 40 83 -23 114 103 105 111 32 73 103 114 -23 115 41 
NAO
69 110 99 97 114 101 32 116 101 114 32 97 99 110 101 33 32 40 83 -23 114 103 105 111 32 73 103 114 -23 115 41 
NAO
83 101 32 115 111 102 114 111 44 109 97 116 101 109 -31 116 105 99 111 32 115 -13 32 99 105 116 97 32 109 101 116 97 109 111 114 102 111 115 101 115 33 32 40 83 -23 114 103 105 111 32 73 103 114 -23 115 41 
NAO
69 105 110 32 69 115 101 108 32 108 101 115 101 32 110 105 101 46 
NAO
68 101 110 32 114 101 116 32 116 97 112 114 101 32 75 110 117 100 32 -59 103 101 32 105 32 69 103 -27 32 100 117 110 107 101 114 32 112 97 116 116 101 114 32 110 101 100 46 
NAO
68 101 110 32 108 97 107 115 32 115 107 97 108 32 110 101 100 46 
NAO
68 101 110 32 108 97 107 115 32 115 107 97 108 32 110 101 100 46 
NAO
68 97 109 101 106 101 114 32 78 105 115 32 66 101 114 103 32 103 114 101 98 32 115 105 110 32 114 101 106 101 109 97 100 46 
NAO
69 108 115 97 32 104 97 114 32 102 97 116 32 105 32 82 105 116 97 32 102 114 97 32 72 97 115 108 101 46 
NAO
76 -27 115 32 111 107 115 101 109 97 100 101 110 32 110 101 100 32 111 103 32 103 105 118 32 86 105 103 103 111 32 100 101 110 110 101 32 100 97 109 101 115 107 111 115 -27 108 46 
NAO
68 101 103 110 101 110 101 32 116 114 97 102 32 105 32 102 97 114 116 101 110 32 101 110 32 103 101 100 46 
NAO
84 114 101 32 110 101 103 114 101 32 109 101 100 32 102 97 110 101 44 32 101 110 32 97 102 32 100 101 109 32 101 114 32 103 101 110 101 114 116 46 
NAO
83 101 108 109 97 115 32 108 97 107 115 101 114 -8 100 101 32 103 97 114 97 103 101 100 -8 114 101 32 115 107 97 108 32 115 97 109 108 101 115 46 
NAO
84 114 111 108 100 101 32 109 101 100 32 108 111 114 116 46 
NAO
65 98 108 101 32 119 97 115 32 73 32 101 114 101 32 73 32 115 97 119 32 69 108 98 97 32 40 102 114 97 115 101 32 113 117 101 32 112 111 100 101 114 105 97 32 116 101 114 32 115 105 100 111 32 100 105 116 97 32 112 111 114 32 78 97 112 111 108 101 -29 111 32 100 101 112 111 105 115 32 100 101 32 100 101 114 114 111 116 97 100 111 32 101 109 32 87 97 116 101 114 108 111 111 41 
NAO
65 32 109 97 110 44 32 97 32 112 108 97 110 44 32 97 32 99 97 110 97 108 44 32 80 97 110 97 109 97 33 
NAO
67 105 103 97 114 63 32 84 111 115 115 32 105 116 32 105 110 32 97 32 99 97 110 44 32 105 116 32 105 115 32 115 111 32 116 114 97 103 105 99 46 
NAO
68 101 110 110 105 115 32 97 110 100 32 69 100 110 97 32 115 105 110 110 101 100 46 
NAO
68 111 99 44 32 110 111 116 101 44 32 73 32 100 105 115 115 101 110 116 58 32 97 32 102 97 115 116 32 110 101 118 101 114 32 112 114 101 118 101 110 116 115 32 97 32 102 97 116 110 101 115 115 59 32 73 32 100 105 101 116 32 111 110 32 99 111 100 46 
NAO
71 111 100 44 32 110 111 32 101 118 105 108 44 32 108 105 118 101 32 111 110 32 100 111 103 46 
NAO
71 111 100 32 108 105 118 101 100 32 97 115 32 97 32 100 101 118 105 108 32 100 111 103 46 
NAO
73 32 108 111 118 101 32 109 101 44 32 86 111 108 32 73 46 
NAO
73 32 114 111 97 109 101 100 32 117 110 100 101 114 32 105 116 44 32 97 32 116 105 114 101 100 32 110 117 100 101 32 109 97 111 114 105 46 
NAO
76 101 119 100 32 100 105 100 32 73 32 108 105 118 101 32 38 32 101 118 105 108 32 73 32 100 105 100 32 100 119 101 108 46 
NAO
77 97 100 97 109 44 32 73 39 109 32 65 100 97 109 46 
NAO
77 97 100 32 97 115 32 83 97 100 97 109 46 32 40 67 97 115 115 105 97 110 111 32 76 101 111 110 101 108 108 105 32 101 32 69 115 116 -22 118 -29 111 32 81 117 101 105 114 111 103 97 41 
NAO
78 97 116 32 115 97 119 32 73 32 119 97 115 32 116 97 110 46 
NAO
78 111 116 32 97 32 104 101 114 111 32 119 111 114 101 32 104 97 116 32 111 110 
NAO
83 97 116 97 110 32 111 115 99 105 108 108 97 116 101 32 109 121 32 109 101 116 97 108 108 105 99 32 115 111 110 97 116 97 115 32 40 97 115 32 112 97 108 97 118 114 97 115 32 101 115 99 114 105 116 97 115 32 106 117 110 116 97 115 32 102 111 114 109 97 109 32 111 32 116 -19 116 117 108 111 32 100 101 32 117 109 32 69 80 32 100 97 32 98 97 110 100 97 32 83 111 117 110 100 103 97 114 100 101 110 41 
NAO
83 101 101 44 32 115 108 97 118 101 44 32 73 32 100 101 109 111 110 115 116 114 97 116 101 32 121 101 116 32 97 114 116 115 32 110 111 32 109 101 100 105 101 118 97 108 32 115 101 101 115 46 32 40 71 101 111 114 103 101 115 32 80 101 114 101 99 41 
NAO
83 116 111 112 32 110 111 32 116 111 112 32 97 32 112 111 116 32 111 110 32 112 111 116 115 
NAO
83 117 109 115 32 97 114 101 32 110 111 116 32 115 101 116 32 97 115 32 97 32 116 101 115 116 32 111 110 32 69 114 97 115 109 117 115 46 
NAO
87 97 115 32 105 116 32 97 32 99 97 114 32 111 114 32 97 32 99 97 116 32 73 32 115 97 119 63 
NAO
49 50 51 52 53 53 52 51 50 49 
SIM
49 50 51 52 53 54 55 56 57 
NAO
49 50 51 46 52 53 54 55 
NAO
50 51 52 53 44 54 53 52 51 
NAO
50 51 52 44 52 52 53 44 53 53 53 
NAO
50 50 49 50 46 50 51 52 51 50 46 50 51 52 51 50 53 
NAO
49 50 55 46 49 46 49 46 49 
NAO
49 50 55 44 48 44 48 44 48 
NAO
44 48 53 
NAO
46 49 50 
NAO
49 50 46 
NAO
49 50 51 44 
NAO
