(R) Thundurus
(R) Tirtouga
(R) Mamoswine
(R) Cloyster
(R) Solgaleo
(R) Treecko
(R) Arbok
(R) Rhydon
[0] [#438 -> Bonsly: Bonsai Pok√©mon - ['rock'] - ['Sturdy', 'Rock Head', 'Rattled'] - 15.0kg - 0.5m - 255% - false - 4 gen] - 31/08/2006
[1] [#466 -> Electivire: Thunderbolt Pok√©mon - ['electric'] - ['Motor Drive', 'Vital Spirit'] - 138.6kg - 1.8m - 30% - false - 4 gen] - 15/07/2006
[2] [#777 -> Togedemaru: Roly-Poly Pok√©mon - ['electric', 'steel'] - ['Iron Barbs', 'Lightningrod', 'Sturdy'] - 3.3kg - 0.3m - 180% - false - 7 gen] - 04/09/2016
[3] [#19 -> Rattata: Mouse Pok√©mon - ['normal', 'dark'] - ['Run Away', 'Guts', 'Hustle', 'Gluttony', 'Hustle', 'Thick Fat'] - 0.0kg - 0.0m - 255% - false - 1 gen] - 20/12/1996
[4] [#222 -> Corsola: ∞>ckÅU - ['water', 'rock'] - ['Hustle', 'Natural Cure', 'Regenerator'] - 5.0kg - 0.6m - 60% - false - 2 gen] - 07/07/1999
[5] [#61 -> Poliwhirl: Tadpole Pok√©mon - ['water'] - ['Water Absorb', 'Damp', 'Swift Swim'] - 20.0kg - 1.0m - 120% - false - 1 gen] - 24/10/1996
[6] [#47 -> Parasect: Mushroom Pok√©mon - ['bug', 'grass'] - ['Effect Spore', 'Dry Skin', 'Damp'] - 29.5kg - 1.0m - 75% - false - 1 gen] - 04/04/1996
[7] [#181 -> Ampharos: Light Pok√©mon - ['electric'] - ['Static', 'Plus'] - 61.5kg - 1.4m - 45% - false - 2 gen] - 25/05/1999
[8] [#453 -> Croagunk: Toxic Mouth Pok√©mon - ['poison', 'fighting'] - ['Anticipation', 'Dry Skin', 'Poison Touch'] - 23.0kg - 0.7m - 140% - false - 4 gen] - 21/05/2006
[9] [#46 -> Paras: Mushroom Pok√©mon - ['bug', 'grass'] - ['Effect Spore', 'Dry Skin', 'Damp'] - 5.4kg - 0.3m - 190% - false - 1 gen] - 01/11/1996
[10] [#137 -> Porygon: Virtual Pok√©mon - ['normal'] - ['Trace', 'Download', 'Analytic'] - 36.5kg - 0.8m - 45% - false - 1 gen] - 06/06/1996
[11] [#740 -> Crabominable: Woolly Crab Pok√©mon - ['fighting', 'ice'] - ['Hyper Cutter', 'Iron Fist', 'Anger Point'] - 180.0kg - 1.7m - 60% - false - 7 gen] - 25/03/2016
[12] [#718 -> Zygarde: Order Pok√©mon - ['dragon', 'ground'] - ['Aura Break', 'Power Construct'] - 284.6kg - 5.0m - 3% - true - 6 gen] - 08/02/2013
[13] [#98 -> Krabby: River Crab Pok√©mon - ['water'] - ['Hyper Cutter', 'Shell Armor', 'Sheer Force'] - 6.5kg - 0.4m - 225% - false - 1 gen] - 11/04/1996
[14] [#500 -> Emboar: Mega Fire Pig Pok√©mon - ['fire', 'fighting'] - ['Blaze', 'Reckless'] - 150.0kg - 1.6m - 45% - false - 5 gen] - 15/06/2010
[15] [#56 -> Mankey: Pig Monkey Pok√©mon - ['fighting'] - ['Vital Spirit', 'Anger Point', 'Defiant'] - 28.0kg - 0.5m - 190% - false - 1 gen] - 02/05/1996
[16] [#261 -> Poochyena: Bite Pok√©mon - ['dark'] - ['Run Away', 'Quick Feet', 'Rattled'] - 13.6kg - 0.5m - 255% - false - 3 gen] - 26/07/2002
[17] [#317 -> Swalot: Poison Bag Pok√©mon - ['poison'] - ['Liquid Ooze', 'Sticky Hold', 'Gluttony'] - 80.0kg - 1.7m - 75% - false - 3 gen] - 16/03/2002
[18] [#297 -> Hariyama: Arm Thrust Pok√©mon - ['fighting'] - ['Thick Fat', 'Guts', 'Sheer Force'] - 253.8kg - 2.3m - 200% - false - 3 gen] - 21/01/2002
[19] [#189 -> Jumpluff: Cottonweed Pok√©mon - ['grass', 'flying'] - ['Chlorophyll', 'Leaf Guard', 'Infiltrator'] - 3.0kg - 0.8m - 45% - false - 2 gen] - 15/05/1999
[20] [#132 -> Ditto: Transform Pok√©mon - ['normal'] - ['Limber', 'Imposter'] - 4.0kg - 0.3m - 35% - false - 1 gen] - 15/01/1996
[21] [#677 -> Espurr: Restraint Pok√©mon - ['psychic'] - ['Keen Eye', 'Infiltrator', 'Own Tempo'] - 3.5kg - 0.3m - 190% - false - 6 gen] - 28/07/2013
[22] [#398 -> Staraptor: Predator Pok√©mon - ['normal', 'flying'] - ['Intimidate', 'Reckless'] - 24.9kg - 1.2m - 45% - false - 4 gen] - 18/01/2006
[23] [#506 -> Lillipup: Puppy Pok√©mon - ['normal'] - ['Vital Spirit', 'Pickup', 'Run Away'] - 4.1kg - 0.4m - 255% - false - 5 gen] - 04/09/2010
[24] [#527 -> Woobat: Bat Pok√©mon - ['psychic', 'flying'] - ['Unaware', 'Klutz', 'Simple'] - 2.1kg - 0.4m - 190% - false - 5 gen] - 09/01/2010
[25] [#382 -> Kyogre: Sea Basin Pok√©mon - ['water'] - ['Drizzle'] - 352.0kg - 4.5m - 3% - true - 3 gen] - 24/06/2002
[26] [#700 -> Sylveon: Intertwining Pok√©mon - ['fairy'] - ['Cute Charm', 'Pixilate'] - 23.5kg - 1.0m - 45% - false - 6 gen] - 02/07/2013
[27] [#550 -> Basculin: Hostile Pok√©mon - ['water'] - ['Reckless', 'Rock Head', 'Adaptability', 'Mold Breaker'] - 18.0kg - 1.0m - 25% - false - 5 gen] - 04/08/2010
[28] [#682 -> Spritzee: Perfume Pok√©mon - ['fairy'] - ['Healer', 'Aroma Veil'] - 0.5kg - 0.2m - 200% - false - 6 gen] - 14/06/2013
[29] [#180 -> Flaaffy: Wool Pok√©mon - ['electric'] - ['Static', 'Plus'] - 13.3kg - 0.8m - 120% - false - 2 gen] - 12/09/1999
[30] [#708 -> Phantump: Stump Pok√©mon - ['ghost', 'grass'] - ['Natural Cure', 'Frisk', 'Harvest'] - 7.0kg - 0.4m - 120% - false - 6 gen] - 19/09/2013
[31] [#174 -> Igglybuff: Balloon Pok√©mon - ['normal', 'fairy'] - ['Cute Charm', 'Competitive', 'Friend Guard'] - 1.0kg - 0.3m - 170% - false - 2 gen] - 05/04/1999
[32] [#363 -> Spheal: Clap Pok√©mon - ['ice', 'water'] - ['Thick Fat', 'Ice Body', 'Oblivious'] - 39.5kg - 0.8m - 255% - false - 3 gen] - 05/11/2002
[33] [#741 -> Oricorio: Dancing Pok√©mon - ['fire', 'flying'] - ['Dancer'] - 3.4kg - 0.6m - 45% - false - 7 gen] - 03/05/2016
[34] [#21 -> Spearow: Tiny Bird Pok√©mon - ['normal', 'flying'] - ['Keen Eye', 'Sniper'] - 2.0kg - 0.3m - 255% - false - 1 gen] - 18/10/1996
[35] [#493 -> Arceus: Alpha Pok√©mon - ['normal'] - ['Multitype'] - 320.0kg - 3.2m - 3% - true - 4 gen] - 10/12/2006
[36] [#477 -> Dusknoir: Gripper Pok√©mon - ['ghost'] - ['Pressure', 'Frisk'] - 106.6kg - 2.2m - 45% - false - 4 gen] - 20/09/2006
[37] [#411 -> Bastiodon: Shield Pok√©mon - ['rock', 'steel'] - ['Sturdy', 'Soundproof'] - 149.5kg - 1.3m - 45% - false - 4 gen] - 31/12/2006
[38] [#248 -> Tyranitar: Armor Pok√©mon - ['rock', 'dark'] - ['Sand Stream', 'Unnerve'] - 202.0kg - 2.0m - 45% - false - 2 gen] - 27/10/1999
[39] [#666 -> Vivillon: Scale Pok√©mon - ['bug', 'flying'] - ['Shield Dust', 'Compoundeyes', 'Friend Guard'] - 17.0kg - 1.2m - 45% - false - 6 gen] - 20/06/2013
